SF:/Users/scheglov/Source/Dart/sdk.git/sdk/pkg/analyzer/lib/dart/element/element.dart
DA:1044,1
DA:1046,0
DA:1047,0
DA:1049,0
DA:1050,0
DA:1057,0
DA:1061,0
DA:1925,1
DA:1931,1
DA:1932,2
LF:10
LH:4
end_of_record
SF:/Users/scheglov/Source/Dart/sdk.git/sdk/pkg/analyzer/lib/dart/element/visitor.dart
DA:85,1
DA:87,1
DA:89,1
DA:91,1
DA:92,1
DA:94,1
DA:96,1
DA:98,1
DA:100,1
DA:102,1
DA:103,1
DA:107,1
DA:108,1
DA:110,2
DA:112,1
DA:113,1
DA:115,1
DA:117,1
DA:119,1
DA:121,1
DA:123,1
DA:125,1
DA:127,1
DA:129,1
DA:131,0
DA:133,0
DA:135,0
DA:136,0
DA:138,0
DA:140,0
DA:142,1
DA:143,1
DA:145,1
DA:147,1
DA:149,1
DA:151,1
DA:153,1
DA:154,1
DA:155,0
DA:156,1
DA:157,1
DA:158,1
DA:159,1
DA:164,0
DA:166,0
DA:168,1
DA:170,1
DA:172,1
DA:173,1
DA:175,0
DA:177,0
DA:179,1
DA:181,1
DA:183,1
DA:184,1
DA:186,0
DA:187,0
DA:189,1
DA:191,1
DA:193,1
DA:194,1
DA:196,1
DA:198,1
DA:200,1
DA:202,1
DA:204,1
DA:205,1
DA:207,1
DA:209,1
DA:211,2
DA:227,0
DA:229,0
DA:231,0
DA:235,0
DA:237,0
DA:241,0
DA:243,0
DA:247,0
DA:249,0
DA:253,0
DA:255,0
DA:259,0
DA:261,0
DA:265,0
DA:267,0
DA:271,0
DA:273,0
DA:277,0
DA:279,0
DA:283,0
DA:285,0
DA:289,0
DA:291,0
DA:295,0
DA:297,0
DA:301,0
DA:303,0
DA:307,0
DA:309,0
DA:313,0
DA:315,0
DA:319,0
DA:321,0
DA:325,0
DA:327,0
DA:331,0
DA:333,0
DA:337,0
DA:339,0
DA:343,0
DA:345,0
DA:349,0
DA:351,0
DA:355,0
DA:357,0
DA:361,0
DA:363,0
DA:367,0
DA:369,0
DA:373,0
DA:375,0
DA:379,0
DA:381,0
DA:385,0
DA:387,0
DA:391,0
DA:393,0
DA:406,0
DA:408,0
DA:411,0
DA:414,0
DA:417,0
DA:420,0
DA:423,0
DA:426,0
DA:429,0
DA:432,0
DA:436,0
DA:439,0
DA:443,0
DA:446,0
DA:450,0
DA:453,0
DA:456,0
DA:459,0
DA:462,0
DA:465,0
DA:468,0
DA:471,0
DA:474,0
DA:477,0
DA:480,0
DA:483,0
DA:487,0
DA:490,0
DA:493,0
DA:506,0
DA:508,0
DA:510,0
DA:512,0
DA:513,0
DA:515,0
DA:517,0
DA:519,0
DA:520,0
DA:522,0
DA:523,0
DA:525,0
DA:526,0
DA:528,0
DA:529,0
DA:531,0
DA:532,0
DA:534,0
DA:536,0
DA:538,0
DA:539,0
DA:541,0
DA:543,0
DA:545,0
DA:546,0
DA:548,0
DA:550,0
DA:552,0
DA:553,0
DA:555,0
DA:556,0
DA:558,0
DA:559,0
DA:561,0
DA:562,0
DA:564,0
DA:565,0
DA:567,0
DA:568,0
DA:570,0
DA:572,0
DA:574,0
DA:575,0
DA:577,0
DA:578,0
DA:580,0
DA:581,0
DA:583,0
DA:585,0
DA:587,0
DA:589,0
DA:591,0
DA:593,0
DA:595,0
DA:596,0
DA:598,0
DA:599,0
DA:601,0
DA:602,0
LF:215
LH:57
end_of_record
SF:/Users/scheglov/Source/Dart/sdk.git/sdk/pkg/analyzer/lib/file_system/file_system.dart
DA:81,1
DA:83,0
DA:84,0
DA:155,0
DA:157,0
DA:158,0
DA:267,0
DA:272,1
DA:276,1
DA:279,1
LF:10
LH:4
end_of_record
SF:/Users/scheglov/Source/Dart/sdk.git/sdk/pkg/analyzer/lib/file_system/physical_file_system.dart
DA:24,1
DA:25,1
DA:26,1
DA:27,0
DA:30,2
DA:31,1
DA:32,1
DA:38,3
DA:43,1
DA:44,1
DA:46,1
DA:47,1
DA:49,0
DA:51,0
DA:52,0
DA:55,1
DA:57,1
DA:58,2
DA:61,0
DA:63,0
DA:64,0
DA:65,0
DA:67,0
DA:71,0
DA:73,0
DA:74,0
DA:75,0
DA:76,0
DA:83,1
DA:98,1
DA:100,0
DA:102,0
DA:104,0
DA:107,0
DA:108,0
DA:109,0
DA:113,0
DA:116,0
DA:117,0
DA:118,0
DA:123,2
DA:125,1
DA:127,1
DA:128,2
DA:129,2
DA:133,0
DA:135,0
DA:138,0
DA:140,0
DA:143,1
DA:145,1
DA:147,2
DA:148,0
DA:149,0
DA:153,1
DA:155,1
DA:157,2
DA:158,0
DA:159,0
DA:163,0
DA:166,0
DA:167,0
DA:168,0
DA:172,0
DA:175,0
DA:176,0
DA:177,0
DA:181,0
DA:182,0
DA:184,0
DA:186,0
DA:187,0
DA:190,1
DA:193,2
DA:194,0
DA:195,0
DA:199,1
DA:202,2
DA:203,0
DA:204,0
DA:211,1
DA:213,0
DA:215,0
DA:217,0
DA:219,0
DA:220,0
DA:224,2
DA:226,1
DA:228,3
DA:231,0
DA:233,0
DA:234,0
DA:237,1
DA:239,2
DA:240,1
DA:241,2
DA:242,1
DA:247,1
DA:249,2
DA:252,0
DA:254,0
DA:255,0
DA:258,1
DA:260,1
DA:261,1
DA:262,1
DA:265,1
DA:267,1
DA:268,1
DA:269,1
DA:272,1
DA:275,1
DA:276,1
DA:277,1
DA:278,1
DA:279,2
DA:280,1
DA:281,1
DA:282,2
DA:283,1
DA:284,2
DA:288,0
DA:289,0
DA:293,0
DA:295,0
DA:298,0
DA:301,0
DA:304,0
DA:305,0
DA:306,0
DA:307,0
DA:311,0
DA:312,0
DA:314,0
DA:316,0
DA:317,0
DA:318,0
DA:319,0
DA:322,0
DA:323,0
DA:331,1
DA:333,1
DA:336,2
DA:337,0
DA:342,0
DA:343,0
DA:345,1
DA:347,3
DA:348,2
DA:351,0
DA:352,0
DA:354,1
DA:355,2
DA:358,3
DA:360,0
DA:361,0
DA:363,1
DA:364,3
DA:366,0
DA:368,0
DA:371,0
DA:374,0
DA:377,0
DA:378,0
DA:379,0
DA:383,0
DA:384,0
DA:390,1
DA:391,1
DA:392,0
DA:393,0
DA:394,0
DA:395,0
DA:396,0
DA:397,0
DA:398,0
DA:399,0
DA:400,0
DA:401,0
DA:402,0
DA:403,0
DA:404,0
DA:405,0
DA:406,0
DA:411,0
DA:412,0
DA:413,0
DA:415,0
DA:421,0
DA:423,0
DA:424,0
DA:427,0
DA:428,0
DA:429,0
DA:430,0
DA:431,0
DA:433,0
DA:434,0
LF:198
LH:74
end_of_record
SF:/Users/scheglov/Source/Dart/sdk.git/sdk/pkg/analyzer/lib/src/dart/element/element.dart
DA:68,11
DA:69,12
DA:70,11
DA:73,6
DA:74,6
DA:77,9
DA:78,9
DA:79,9
DA:82,6
DA:83,6
DA:86,11
DA:87,11
DA:90,8
DA:91,8
DA:105,1
DA:108,1
DA:110,1
DA:112,1
DA:115,1
DA:117,1
DA:118,1
DA:119,1
DA:124,0
DA:127,1
DA:129,1
DA:137,1
DA:145,0
DA:153,0
DA:161,0
DA:175,0
DA:177,0
DA:201,1
DA:212,0
DA:219,1
DA:220,1
DA:224,1
DA:226,1
DA:229,1
DA:238,0
DA:239,0
DA:240,0
DA:241,0
DA:242,0
DA:243,0
DA:244,0
DA:245,0
DA:252,0
DA:253,0
DA:254,0
DA:255,0
DA:259,0
DA:260,0
DA:265,0
DA:266,0
DA:267,0
DA:271,0
DA:272,0
DA:273,0
DA:283,1
DA:285,1
DA:286,2
DA:288,2
DA:289,1
DA:293,1
DA:296,1
DA:299,1
DA:302,1
DA:305,0
DA:306,0
DA:309,0
DA:311,0
DA:313,0
DA:314,0
DA:315,0
DA:316,0
DA:318,0
DA:319,0
DA:320,0
DA:321,0
DA:322,0
DA:327,0
DA:328,0
DA:331,0
DA:333,0
DA:344,0
DA:345,0
DA:346,0
DA:347,0
DA:348,0
DA:351,1
DA:353,1
DA:356,1
DA:357,1
DA:360,1
DA:362,1
DA:365,0
DA:366,0
DA:368,1
DA:370,4
DA:373,1
DA:375,4
DA:378,0
DA:379,0
DA:382,0
DA:384,0
DA:389,0
DA:390,0
DA:397,0
DA:398,0
DA:399,0
DA:402,0
DA:407,0
DA:408,0
DA:409,0
DA:418,0
DA:419,0
DA:421,1
DA:423,1
DA:426,1
DA:427,1
DA:430,0
DA:432,0
DA:435,0
DA:436,0
DA:439,1
DA:441,1
DA:444,1
DA:445,1
DA:448,1
DA:449,1
DA:452,1
DA:453,1
DA:456,1
DA:458,1
DA:462,1
DA:463,1
DA:466,1
DA:468,1
DA:471,1
DA:472,1
DA:475,1
DA:477,1
DA:480,1
DA:481,1
DA:484,0
DA:486,0
DA:487,0
DA:490,0
DA:491,0
DA:498,1
DA:501,1
DA:504,1
DA:507,1
DA:509,1
DA:512,0
DA:514,0
DA:517,0
DA:519,0
DA:522,0
DA:525,0
DA:527,0
DA:530,0
DA:533,0
DA:535,0
DA:537,0
DA:538,0
DA:543,1
DA:546,1
DA:551,1
DA:553,1
DA:559,0
DA:563,1
DA:565,1
DA:566,4
DA:567,3
DA:573,1
DA:574,1
DA:575,2
DA:576,3
DA:577,0
DA:580,0
DA:583,1
DA:585,1
DA:586,3
DA:590,3
DA:591,1
DA:592,2
DA:593,1
DA:594,1
DA:595,2
DA:597,2
DA:598,1
DA:599,1
DA:600,1
DA:601,1
DA:603,2
DA:604,1
DA:605,1
DA:606,1
DA:607,1
DA:608,1
DA:609,1
DA:610,0
DA:611,0
DA:612,0
DA:614,0
DA:616,0
DA:617,0
DA:618,0
DA:620,0
DA:621,0
DA:622,0
DA:624,0
DA:625,0
DA:626,0
DA:627,0
DA:630,0
DA:631,0
DA:632,0
DA:634,0
DA:637,0
DA:638,0
DA:639,0
DA:640,0
DA:641,0
DA:642,0
DA:643,0
DA:644,0
DA:645,0
DA:647,0
DA:648,0
DA:651,0
DA:653,1
DA:655,1
DA:656,1
DA:658,2
DA:659,2
DA:660,1
DA:661,1
DA:662,0
DA:664,0
DA:665,0
DA:666,0
DA:668,1
DA:669,1
DA:671,1
DA:673,1
DA:677,1
DA:684,1
DA:686,0
DA:687,0
DA:690,1
DA:691,1
DA:745,1
DA:749,2
DA:751,1
DA:753,1
DA:758,1
DA:759,2
DA:760,1
DA:762,1
DA:765,1
DA:766,1
DA:767,1
DA:768,1
DA:769,1
DA:770,1
DA:771,1
DA:772,1
DA:773,1
DA:774,1
DA:775,1
DA:776,1
DA:779,1
DA:781,1
DA:785,1
DA:786,2
DA:787,1
DA:789,1
DA:792,1
DA:794,1
DA:796,0
DA:801,1
DA:803,1
DA:807,1
DA:808,2
DA:809,1
DA:811,1
DA:814,1
DA:816,1
DA:821,1
DA:822,2
DA:823,1
DA:825,1
DA:828,1
DA:830,1
DA:833,1
DA:834,2
DA:835,1
DA:837,1
DA:840,1
DA:842,1
DA:847,1
DA:848,2
DA:849,1
DA:851,1
DA:854,0
DA:855,0
DA:857,1
DA:858,3
DA:860,0
DA:863,1
DA:865,1
DA:866,1
DA:869,1
DA:871,1
DA:875,1
DA:876,2
DA:877,1
DA:879,1
DA:882,0
DA:883,0
DA:885,1
DA:887,1
DA:892,1
DA:893,2
DA:894,1
DA:896,1
DA:899,1
DA:901,1
DA:905,1
DA:906,2
DA:907,1
DA:909,1
DA:912,1
DA:914,1
DA:916,1
DA:918,1
DA:920,0
DA:922,0
DA:925,1
DA:927,2
DA:928,2
DA:935,0
DA:937,0
DA:938,0
DA:945,1
DA:946,1
DA:947,1
DA:949,1
DA:964,1
DA:966,1
DA:968,1
DA:969,1
DA:979,0
DA:1017,1
DA:1021,1
DA:1022,1
DA:1023,1
DA:1026,1
DA:1027,1
DA:1030,1
DA:1033,0
DA:1035,0
DA:1036,0
DA:1037,0
DA:1038,0
DA:1044,1
DA:1046,1
DA:1048,0
DA:1050,0
DA:1051,0
DA:1052,0
DA:1053,0
DA:1054,0
DA:1057,1
DA:1059,1
DA:1063,1
DA:1064,1
DA:1067,1
DA:1069,1
DA:1073,1
DA:1074,1
DA:1077,1
DA:1080,0
DA:1082,0
DA:1086,0
DA:1090,1
DA:1092,2
DA:1095,1
DA:1097,1
DA:1098,1
DA:1101,1
DA:1102,1
DA:1105,1
DA:1107,1
DA:1112,3
DA:1113,1
DA:1114,0
DA:1115,1
DA:1118,0
DA:1123,1
DA:1125,1
DA:1126,1
DA:1129,1
DA:1130,1
DA:1133,1
DA:1136,2
DA:1137,1
DA:1138,1
DA:1139,1
DA:1140,1
DA:1144,0
DA:1149,1
DA:1151,1
DA:1153,0
DA:1155,0
DA:1160,0
DA:1161,0
DA:1162,0
DA:1163,0
DA:1164,0
DA:1165,0
DA:1166,0
DA:1174,0
DA:1177,0
DA:1181,0
DA:1182,0
DA:1190,0
DA:1192,0
DA:1202,1
DA:1204,1
DA:1206,2
DA:1207,1
DA:1232,0
DA:1234,0
DA:1235,0
DA:1238,0
DA:1239,0
DA:1245,0
DA:1246,0
DA:1247,0
DA:1250,0
DA:1251,0
DA:1252,0
DA:1253,0
DA:1256,0
DA:1257,0
DA:1258,0
DA:1259,0
DA:1260,0
DA:1264,0
DA:1276,1
DA:1282,0
DA:1284,0
DA:1293,1
DA:1299,0
DA:1301,0
DA:1309,0
DA:1315,0
DA:1317,0
DA:1319,0
DA:1322,0
DA:1323,0
DA:1329,0
DA:1331,0
DA:1332,0
DA:1335,0
DA:1336,0
DA:1337,0
DA:1343,0
DA:1344,0
DA:1345,0
DA:1346,0
DA:1349,0
DA:1356,0
DA:1358,0
DA:1359,0
DA:1362,0
DA:1368,0
DA:1380,1
DA:1393,1
DA:1400,1
DA:1413,1
DA:1424,1
DA:1434,1
DA:1446,1
DA:1452,1
DA:1453,2
DA:1459,3
DA:1465,4
DA:1466,1
DA:1469,0
DA:1472,0
DA:1628,1
DA:1630,0
DA:1632,0
DA:1633,0
DA:1634,0
DA:1637,0
DA:1638,0
DA:1639,0
DA:1640,0
DA:1641,0
DA:1642,0
DA:1643,0
DA:1644,0
DA:1651,0
DA:1652,0
DA:1654,0
DA:1655,0
DA:1657,0
DA:1658,0
DA:1660,0
DA:1661,0
DA:1662,0
DA:1663,0
DA:1664,0
DA:1669,1
DA:1671,1
DA:1672,1
DA:1673,2
DA:1674,0
DA:1675,1
DA:1676,0
DA:1677,0
DA:1682,0
DA:1683,0
DA:1685,0
DA:1686,0
DA:1688,0
DA:1689,0
DA:1691,0
DA:1692,0
DA:1694,0
DA:1695,0
DA:1697,0
DA:1698,0
DA:1700,0
DA:1702,0
DA:1704,0
DA:1705,0
DA:1707,0
DA:1708,0
DA:1710,0
DA:1711,0
DA:1713,0
DA:1714,0
DA:1716,0
DA:1718,0
DA:1720,1
DA:1721,1
DA:1725,0
DA:1726,0
DA:1727,0
DA:1728,0
DA:1729,0
DA:1734,0
DA:1735,0
DA:1737,0
DA:1740,0
DA:1741,0
DA:1743,0
DA:1744,0
DA:1746,0
DA:1748,0
DA:1750,0
DA:1752,0
DA:1753,0
DA:1755,0
DA:1756,0
DA:1759,0
DA:1761,0
DA:1763,0
DA:1765,0
DA:1767,0
DA:1769,0
DA:1770,0
DA:1773,0
DA:1775,0
DA:1777,0
DA:1778,0
DA:1782,1
DA:1783,2
DA:1786,0
DA:1787,0
DA:1789,0
DA:1790,0
DA:1792,0
DA:1794,0
DA:1795,0
DA:1796,0
DA:1797,0
DA:1798,0
DA:1799,0
DA:1803,0
DA:1809,0
DA:1810,0
DA:1812,0
DA:1813,0
DA:1815,0
DA:1819,0
DA:1820,0
DA:1821,0
DA:1822,0
DA:1825,1
DA:1826,1
DA:1832,0
DA:1833,0
DA:1839,1
DA:1843,1
DA:1844,1
DA:1845,0
DA:1846,0
DA:1862,0
DA:1909,1
DA:1910,2
DA:1913,1
DA:1917,0
DA:1921,0
DA:1923,0
DA:1925,0
DA:1928,0
DA:1931,1
DA:1932,1
DA:1934,1
DA:1935,1
DA:1938,1
DA:1939,1
DA:1942,1
DA:1943,1
DA:1946,1
DA:1947,1
DA:1952,0
DA:1953,0
DA:1956,0
DA:1958,0
DA:1959,0
DA:1960,0
DA:1961,0
DA:1968,1
DA:1970,3
DA:1973,0
DA:1975,0
DA:1976,0
DA:1977,0
DA:1978,0
DA:1985,0
DA:1987,0
DA:1988,0
DA:1989,0
DA:1990,0
DA:1997,1
DA:2001,3
DA:2004,0
DA:2006,0
DA:2007,0
DA:2008,0
DA:2009,0
DA:2016,0
DA:2018,0
DA:2019,0
DA:2020,0
DA:2021,0
DA:2028,0
DA:2030,0
DA:2031,0
DA:2032,0
DA:2033,0
DA:2040,0
DA:2042,0
DA:2043,0
DA:2044,0
DA:2045,0
DA:2052,0
DA:2054,0
DA:2055,0
DA:2056,0
DA:2057,0
DA:2064,0
DA:2066,0
DA:2067,0
DA:2068,0
DA:2069,0
DA:2076,0
DA:2078,0
DA:2079,0
DA:2080,0
DA:2081,0
DA:2088,0
DA:2090,0
DA:2091,0
DA:2092,0
DA:2093,0
DA:2100,0
DA:2102,0
DA:2103,0
DA:2104,0
DA:2105,0
DA:2112,0
DA:2114,0
DA:2115,0
DA:2116,0
DA:2117,0
DA:2124,0
DA:2126,0
DA:2131,0
DA:2132,0
DA:2133,0
DA:2134,0
DA:2135,0
DA:2136,0
DA:2143,0
DA:2145,0
DA:2146,0
DA:2147,0
DA:2148,0
DA:2155,0
DA:2157,0
DA:2158,0
DA:2159,0
DA:2160,0
DA:2167,0
DA:2169,0
DA:2170,0
DA:2171,0
DA:2172,0
DA:2179,0
DA:2181,0
DA:2182,0
DA:2183,0
DA:2184,0
DA:2191,0
DA:2193,0
DA:2194,0
DA:2195,0
DA:2196,0
DA:2203,0
DA:2205,0
DA:2206,0
DA:2207,0
DA:2208,0
DA:2215,0
DA:2217,0
DA:2218,0
DA:2219,0
DA:2220,0
DA:2227,0
DA:2229,0
DA:2230,0
DA:2231,0
DA:2232,0
DA:2239,0
DA:2241,0
DA:2242,0
DA:2243,0
DA:2244,0
DA:2251,0
DA:2253,0
DA:2254,0
DA:2255,0
DA:2256,0
DA:2265,2
DA:2267,0
DA:2268,0
DA:2271,0
DA:2273,0
DA:2277,0
DA:2280,0
DA:2281,0
DA:2283,1
DA:2285,1
DA:2289,1
DA:2290,1
DA:2293,1
DA:2294,1
DA:2297,1
DA:2298,1
DA:2301,1
DA:2302,1
DA:2304,1
DA:2305,2
DA:2307,1
DA:2309,2
DA:2312,1
DA:2314,1
DA:2317,1
DA:2318,1
DA:2321,1
DA:2322,1
DA:2325,1
DA:2326,1
DA:2329,0
DA:2330,0
DA:2332,1
DA:2333,1
DA:2337,1
DA:2338,1
DA:2341,1
DA:2344,0
DA:2346,0
DA:2349,1
DA:2351,1
DA:2352,1
DA:2353,2
DA:2355,0
DA:2356,0
DA:2359,1
DA:2360,0
DA:2365,0
DA:2367,0
DA:2370,1
DA:2371,3
DA:2376,1
DA:2381,1
DA:2382,3
DA:2383,3
DA:2387,0
DA:2388,0
DA:2392,1
DA:2393,1
DA:2397,0
DA:2398,0
DA:2399,0
DA:2403,0
DA:2408,0
DA:2412,0
DA:2413,0
DA:2416,0
DA:2418,0
DA:2419,0
DA:2420,0
DA:2424,1
DA:2425,3
DA:2427,1
DA:2429,2
DA:2430,2
DA:2435,1
DA:2436,1
DA:2440,1
DA:2441,1
DA:2442,1
DA:2447,1
DA:2448,4
DA:2451,0
DA:2456,0
DA:2457,0
DA:2462,1
DA:2465,1
DA:2466,1
DA:2473,0
DA:2475,0
DA:2480,1
DA:2482,2
DA:2483,1
DA:2488,1
DA:2489,1
DA:2492,1
DA:2496,1
DA:2497,3
DA:2498,1
DA:2499,1
DA:2500,0
DA:2501,1
DA:2502,0
DA:2506,1
DA:2507,1
DA:2520,1
DA:2521,1
DA:2524,2
DA:2525,1
DA:2527,2
DA:2531,0
DA:2532,0
DA:2536,0
DA:2537,0
DA:2540,0
DA:2541,0
DA:2543,0
DA:2545,0
DA:2546,0
DA:2547,0
DA:2548,0
DA:2549,0
DA:2551,0
DA:2553,0
DA:2556,1
DA:2557,2
DA:2559,1
DA:2564,1
DA:2565,1
DA:2566,2
DA:2567,2
DA:2570,2
DA:2571,4
DA:2580,0
DA:2581,0
DA:2585,0
DA:2586,0
DA:2587,0
DA:2589,0
DA:2590,0
DA:2591,0
DA:2592,0
DA:2593,0
DA:2594,0
DA:2595,0
DA:2596,0
DA:2598,0
DA:2599,0
DA:2600,0
DA:2603,0
DA:2604,0
DA:2607,0
DA:2612,0
DA:2613,0
DA:2614,0
DA:2615,0
DA:2616,0
DA:2617,0
DA:2619,0
DA:2628,1
DA:2629,1
DA:2633,1
DA:2635,1
DA:2637,1
DA:2638,0
DA:2640,1
DA:2641,1
DA:2645,0
DA:2646,0
DA:2649,0
DA:2652,0
DA:2653,0
DA:2654,0
DA:2655,0
DA:2656,0
DA:2663,1
DA:2665,1
DA:2668,0
DA:2670,0
DA:2693,1
DA:2695,1
DA:2696,1
DA:2697,1
DA:2698,1
DA:2699,1
DA:2702,1
DA:2703,1
DA:2705,1
DA:2707,1
DA:2711,1
DA:2712,1
DA:2715,1
DA:2716,1
DA:2719,1
DA:2720,1
DA:2723,1
DA:2725,1
DA:2728,1
DA:2730,1
DA:2734,1
DA:2735,1
DA:2738,1
DA:2740,1
DA:2743,1
DA:2744,1
DA:2747,1
DA:2749,1
DA:2753,1
DA:2754,1
DA:2757,1
DA:2759,1
DA:2763,1
DA:2764,1
DA:2767,1
DA:2770,1
DA:2772,1
DA:2775,1
DA:2776,1
DA:2779,1
DA:2780,1
DA:2782,1
DA:2784,2
DA:2785,1
DA:2788,1
DA:2790,1
DA:2793,1
DA:2795,2
DA:2796,1
DA:2801,1
DA:2802,2
DA:2803,1
DA:2805,1
DA:2808,1
DA:2809,1
DA:2812,1
DA:2814,2
DA:2815,1
DA:2818,1
DA:2819,1
DA:2827,1
DA:2830,1
DA:2832,2
DA:2834,2
DA:2835,1
DA:2836,1
DA:2837,1
DA:2838,1
DA:2842,0
DA:2843,0
DA:2846,0
DA:2848,0
DA:2851,1
DA:2852,1
DA:2853,1
DA:2855,1
DA:2863,1
DA:2864,1
DA:2872,1
DA:2874,1
DA:2876,1
DA:2877,0
DA:2879,1
DA:2880,1
DA:2884,1
DA:2885,1
DA:2886,1
DA:2887,1
DA:2888,1
DA:2889,1
DA:2890,1
DA:2893,1
DA:2894,1
DA:2896,1
DA:2898,1
DA:2899,1
DA:2902,1
DA:2903,1
DA:2906,1
DA:2908,1
DA:2909,2
DA:2911,0
DA:2914,0
DA:2917,1
DA:2920,1
DA:2922,2
DA:2923,1
DA:2926,0
DA:2927,0
DA:2929,1
DA:2931,1
DA:2934,0
DA:2936,0
DA:2939,0
DA:2941,0
DA:2942,0
DA:2949,0
DA:2951,0
DA:2952,0
DA:2953,0
DA:2954,0
DA:2961,0
DA:2963,0
DA:2964,0
DA:2965,0
DA:2966,0
DA:2973,0
DA:2975,0
DA:2982,1
DA:2983,1
DA:2996,1
DA:2998,1
DA:3000,1
DA:3001,0
DA:3003,1
DA:3004,1
DA:3008,0
DA:3013,0
DA:3014,0
DA:3016,1
DA:3017,2
DA:3019,1
DA:3021,1
DA:3035,1
DA:3037,1
DA:3040,1
DA:3042,1
DA:3045,1
DA:3047,1
DA:3051,1
DA:3052,1
DA:3055,1
DA:3057,1
DA:3060,1
DA:3061,1
DA:3064,1
DA:3066,1
DA:3069,1
DA:3071,1
DA:3074,1
DA:3075,1
DA:3085,1
DA:3086,2
DA:3087,1
DA:3088,3
DA:3089,1
DA:3092,1
DA:3095,1
DA:3097,2
DA:3098,1
DA:3101,1
DA:3102,1
DA:3114,1
DA:3126,1
DA:3129,1
DA:3132,1
DA:3134,1
DA:3143,1
DA:3147,2
DA:3149,0
DA:3152,1
DA:3154,1
DA:3155,1
DA:3156,2
DA:3157,0
DA:3159,1
DA:3162,0
DA:3164,0
DA:3167,0
DA:3169,0
DA:3172,1
DA:3175,1
DA:3176,1
DA:3207,1
DA:3208,1
DA:3210,0
DA:3211,0
DA:3212,0
DA:3213,0
DA:3214,0
DA:3217,1
DA:3220,0
DA:3223,1
DA:3226,1
DA:3228,1
DA:3233,1
DA:3234,2
DA:3235,1
DA:3237,1
DA:3240,1
DA:3242,1
DA:3247,1
DA:3249,1
DA:3252,0
DA:3254,0
DA:3256,0
DA:3257,0
DA:3258,0
DA:3259,0
DA:3261,0
DA:3267,0
DA:3268,0
DA:3271,0
DA:3273,0
DA:3276,0
DA:3278,0
DA:3287,0
DA:3289,0
DA:3290,0
DA:3291,0
DA:3292,0
DA:3293,0
DA:3294,0
DA:3296,0
DA:3298,0
DA:3306,1
DA:3322,1
DA:3324,1
DA:3326,2
DA:3327,1
DA:3330,2
DA:3331,1
DA:3334,1
DA:3335,2
DA:3336,1
DA:3338,1
DA:3347,1
DA:3349,1
DA:3352,1
DA:3354,2
DA:3355,1
DA:3358,2
DA:3359,1
DA:3362,1
DA:3363,2
DA:3364,1
DA:3366,1
DA:3369,1
DA:3371,2
DA:3372,1
DA:3375,1
DA:3377,2
DA:3378,1
DA:3381,2
DA:3382,1
DA:3385,1
DA:3386,2
DA:3387,1
DA:3389,1
DA:3392,1
DA:3393,1
DA:3394,1
DA:3396,1
DA:3434,1
DA:3436,1
DA:3438,4
DA:3450,1
DA:3451,1
DA:3452,1
DA:3453,1
DA:3454,1
DA:3455,1
DA:3456,1
DA:3457,1
DA:3460,1
DA:3462,2
DA:3463,1
DA:3466,1
DA:3467,2
DA:3468,1
DA:3471,1
DA:3472,2
DA:3473,1
DA:3475,1
DA:3478,1
DA:3479,1
DA:3481,1
DA:3483,2
DA:3484,1
DA:3487,1
DA:3488,1
DA:3493,0
DA:3494,0
DA:3499,0
DA:3500,0
DA:3503,1
DA:3505,1
DA:3508,1
DA:3509,1
DA:3512,1
DA:3514,1
DA:3515,0
DA:3517,0
DA:3521,2
DA:3522,1
DA:3525,1
DA:3526,1
DA:3529,1
DA:3531,1
DA:3534,1
DA:3536,2
DA:3537,1
DA:3540,1
DA:3541,1
DA:3544,1
DA:3546,1
DA:3548,2
DA:3549,3
DA:3550,2
DA:3551,1
DA:3555,2
DA:3557,1
DA:3560,1
DA:3563,1
DA:3565,5
DA:3569,1
DA:3573,1
DA:3577,1
DA:3579,5
DA:3582,1
DA:3584,2
DA:3585,4
DA:3588,1
DA:3590,5
DA:3593,1
DA:3595,1
DA:3599,5
DA:3602,1
DA:3604,2
DA:3607,1
DA:3614,1
DA:3616,1
DA:3617,1
DA:3620,1
DA:3621,1
DA:3624,1
DA:3629,1
DA:3635,1
DA:3637,1
DA:3638,1
DA:3639,1
DA:3640,1
DA:3641,1
DA:3649,0
DA:3652,0
DA:3653,0
DA:3656,0
DA:3659,0
DA:3660,0
DA:3663,0
DA:3666,0
DA:3667,0
DA:3668,0
DA:3669,0
DA:3670,0
DA:3673,0
DA:3675,0
DA:3676,0
DA:3678,0
DA:3679,0
DA:3683,0
DA:3686,0
DA:3687,0
DA:3688,0
DA:3689,0
DA:3690,0
DA:3693,0
DA:3696,0
DA:3697,0
DA:3698,0
DA:3699,0
DA:3700,0
DA:3703,0
DA:3706,0
DA:3707,0
DA:3708,0
DA:3709,0
DA:3712,0
DA:3714,0
DA:3715,0
DA:3718,0
DA:3721,0
DA:3722,0
DA:3730,1
DA:3732,2
DA:3733,0
DA:3741,1
DA:3742,2
DA:3743,0
DA:3751,1
DA:3753,2
DA:3754,0
DA:3758,1
DA:3771,1
DA:3775,1
DA:3776,1
DA:3780,2
DA:3781,0
DA:3786,2
DA:3801,1
DA:3804,1
DA:3805,1
DA:3809,2
DA:3810,0
DA:3815,2
DA:3830,1
DA:3834,1
DA:3835,1
DA:3839,2
DA:3840,0
DA:3845,2
DA:3849,1
DA:3854,1
DA:3855,1
DA:3857,1
DA:3858,4
DA:3872,0
DA:3878,0
DA:3879,0
DA:3883,0
DA:3884,0
DA:3886,0
DA:3888,0
DA:3892,0
DA:3893,0
DA:3895,0
DA:3896,0
DA:3897,0
DA:3898,0
DA:3899,0
DA:3904,0
DA:3908,0
DA:3922,0
DA:3924,0
DA:3925,0
DA:3927,0
DA:3929,0
DA:3933,0
DA:3935,0
DA:3938,0
DA:3939,0
DA:3941,0
DA:3942,0
DA:3954,1
DA:3957,1
DA:3959,0
DA:3961,0
DA:3963,1
DA:3965,1
DA:3966,1
DA:3969,1
DA:3970,2
DA:3972,1
DA:3973,2
DA:3975,0
DA:3978,0
DA:3980,0
DA:3983,1
DA:3984,2
DA:3986,1
DA:3988,1
DA:3991,1
DA:3993,1
DA:3994,1
DA:3997,1
DA:3998,2
DA:4000,1
DA:4001,2
DA:4003,0
DA:4004,0
DA:4006,0
DA:4007,0
DA:4009,0
DA:4011,0
DA:4014,1
DA:4016,2
DA:4089,1
DA:4092,1
DA:4094,1
DA:4095,2
DA:4097,1
DA:4099,1
DA:4100,1
DA:4103,1
DA:4105,1
DA:4106,1
DA:4110,1
DA:4111,2
DA:4114,1
DA:4115,1
DA:4116,1
DA:4117,1
DA:4118,1
DA:4121,0
DA:4123,0
DA:4126,1
DA:4128,1
DA:4129,1
DA:4132,1
DA:4133,1
DA:4136,0
DA:4138,0
DA:4139,0
DA:4140,0
DA:4141,0
DA:4142,0
DA:4145,0
DA:4147,0
DA:4148,0
DA:4151,1
DA:4152,1
DA:4177,1
DA:4178,1
DA:4179,1
DA:4182,1
DA:4184,1
DA:4187,1
DA:4188,1
DA:4191,1
DA:4192,1
DA:4195,1
DA:4196,4
DA:4198,0
DA:4200,0
DA:4201,0
DA:4202,0
DA:4203,0
DA:4204,0
DA:4207,0
DA:4209,0
DA:4211,0
DA:4212,0
DA:4214,1
DA:4215,2
DA:4217,0
DA:4219,0
DA:4220,0
DA:4223,1
DA:4225,3
DA:4230,0
DA:4231,0
DA:4232,0
DA:4233,0
DA:4234,0
DA:4235,0
DA:4236,0
DA:4237,0
DA:4240,0
DA:4241,0
DA:4242,0
DA:4245,0
DA:4246,0
DA:4247,0
DA:4254,0
DA:4257,1
DA:4259,1
DA:4260,0
DA:4265,1
DA:4266,1
DA:4269,1
DA:4272,1
DA:4274,1
DA:4275,1
DA:4278,1
DA:4280,1
DA:4281,1
DA:4284,0
DA:4286,0
DA:4289,1
DA:4291,1
DA:4292,1
DA:4295,1
DA:4296,1
DA:4298,1
DA:4299,1
DA:4301,1
DA:4302,2
DA:4303,1
DA:4304,1
DA:4305,1
DA:4306,2
DA:4309,1
DA:4312,1
DA:4314,3
DA:4316,0
DA:4318,0
DA:4319,0
DA:4322,0
DA:4323,0
DA:4326,1
DA:4328,2
DA:4331,1
DA:4333,2
DA:4334,1
DA:4335,1
DA:4336,1
DA:4337,1
DA:4338,1
DA:4339,1
DA:4340,1
DA:4341,1
DA:4342,1
DA:4346,1
DA:4348,1
DA:4349,1
DA:4350,1
DA:4351,4
DA:4355,1
DA:4356,1
DA:4357,3
DA:4358,1
DA:4359,3
DA:4360,1
DA:4363,1
DA:4364,1
DA:4366,0
DA:4368,0
DA:4373,1
DA:4374,1
DA:4375,2
DA:4376,2
DA:4377,1
DA:4378,3
DA:4381,1
DA:4383,2
DA:4384,1
DA:4392,0
DA:4393,0
DA:4394,0
DA:4403,1
DA:4404,1
DA:4405,2
DA:4406,1
DA:4407,1
DA:4426,1
DA:4430,2
DA:4431,2
DA:4432,3
DA:4433,0
DA:4434,0
DA:4435,0
DA:4436,0
DA:4439,0
DA:4440,0
DA:4447,1
DA:4448,0
DA:4449,0
DA:4450,0
DA:4451,0
DA:4452,0
DA:4456,0
DA:4457,0
DA:4458,0
DA:4459,0
DA:4460,0
DA:4471,0
DA:4472,0
DA:4473,0
DA:4474,0
DA:4475,0
DA:4479,0
DA:4481,0
DA:4487,1
DA:4488,1
DA:4489,1
DA:4490,2
DA:4494,0
DA:4496,0
DA:4497,0
DA:4500,1
DA:4502,1
DA:4503,0
DA:4506,1
DA:4507,1
DA:4509,1
DA:4510,1
DA:4511,1
DA:4513,2
DA:4514,1
DA:4516,1
DA:4521,1
DA:4522,1
DA:4525,1
DA:4527,2
DA:4530,1
DA:4532,1
DA:4533,2
DA:4534,2
DA:4536,1
DA:4539,1
DA:4554,1
DA:4558,1
DA:4560,1
DA:4562,1
DA:4563,1
DA:4564,1
DA:4569,0
DA:4570,0
DA:4572,0
DA:4573,0
DA:4575,0
DA:4578,0
DA:4583,1
DA:4585,1
DA:4588,0
DA:4590,0
DA:4610,1
DA:4615,1
DA:4617,0
DA:4618,0
DA:4620,1
DA:4621,2
DA:4623,1
DA:4625,1
DA:4626,1
DA:4627,1
DA:4632,0
DA:4635,0
DA:4637,0
DA:4638,0
DA:4639,0
DA:4640,0
DA:4641,0
DA:4642,0
DA:4643,0
DA:4646,0
DA:4649,0
DA:4654,1
DA:4656,1
DA:4659,0
DA:4661,0
DA:4690,1
DA:4693,1
DA:4695,1
DA:4697,1
DA:4700,1
DA:4701,2
DA:4702,1
DA:4703,2
DA:4705,1
DA:4708,1
DA:4709,1
DA:4710,1
DA:4711,1
DA:4712,1
DA:4713,1
DA:4714,1
DA:4717,1
DA:4719,1
DA:4723,1
DA:4725,1
DA:4726,1
DA:4729,0
DA:4731,0
DA:4734,1
DA:4735,1
DA:4738,1
DA:4739,4
DA:4741,1
DA:4742,1
DA:4748,0
DA:4750,0
DA:4751,0
DA:4756,1
DA:4757,2
DA:4758,1
DA:4760,1
DA:4768,1
DA:4769,2
DA:4770,1
DA:4772,1
DA:4773,1
DA:4776,1
DA:4778,3
DA:4780,1
DA:4782,2
DA:4788,1
DA:4790,2
DA:4795,1
DA:4797,1
DA:4798,2
DA:4799,1
DA:4801,2
DA:4804,1
DA:4816,0
DA:4818,0
DA:4820,0
DA:4823,0
DA:4825,0
DA:4828,0
DA:4831,0
DA:4833,0
DA:4841,1
DA:4854,3
DA:4855,6
DA:4856,3
DA:4859,3
DA:4860,3
DA:4863,3
DA:4864,12
DA:4906,2
DA:4908,4
DA:4909,3
DA:4910,4
DA:4911,4
DA:4918,1
DA:4920,2
DA:4921,2
DA:4922,2
DA:4923,3
DA:4930,0
DA:4932,0
DA:4933,0
DA:4934,0
DA:4935,0
DA:4942,0
DA:4944,0
DA:4945,0
DA:4946,0
DA:4947,0
DA:4948,0
DA:4949,0
DA:4950,0
DA:4951,0
DA:4966,0
DA:4968,0
DA:4971,0
DA:4973,0
DA:4974,0
DA:5004,1
DA:5006,1
DA:5007,1
DA:5009,1
DA:5011,1
DA:5012,1
DA:5019,1
DA:5020,1
DA:5023,1
DA:5025,1
DA:5026,1
DA:5029,1
DA:5030,2
DA:5031,0
DA:5032,0
DA:5033,0
DA:5036,1
DA:5039,1
DA:5041,1
DA:5042,3
DA:5048,1
DA:5050,1
DA:5051,0
DA:5056,1
DA:5057,1
DA:5071,1
DA:5072,1
DA:5076,1
DA:5078,1
DA:5080,1
DA:5081,2
DA:5083,1
DA:5084,1
DA:5088,1
DA:5090,1
DA:5093,1
DA:5096,1
DA:5099,0
DA:5101,0
DA:5104,1
DA:5106,1
DA:5107,1
DA:5110,1
DA:5111,1
DA:5114,1
DA:5117,0
DA:5119,0
DA:5122,1
DA:5124,1
DA:5127,0
DA:5129,0
DA:5132,0
DA:5134,0
DA:5137,0
DA:5314,1
DA:5316,0
DA:5317,0
DA:5319,0
DA:5320,0
DA:5322,0
DA:5323,0
DA:5348,0
DA:5351,0
DA:5354,0
DA:5357,0
DA:5358,0
DA:5360,0
DA:5363,0
DA:5366,0
DA:5369,0
DA:5372,0
DA:5375,0
DA:5378,0
DA:5381,0
DA:5384,0
DA:5387,0
DA:5390,0
DA:5393,0
DA:5396,0
DA:5399,0
DA:5402,0
DA:5405,0
DA:5408,0
DA:5411,0
DA:5414,0
DA:5417,0
DA:5420,0
DA:5423,0
DA:5426,0
DA:5429,0
DA:5432,0
DA:5435,0
DA:5438,0
DA:5441,0
DA:5443,0
DA:5446,0
DA:5447,0
DA:5449,0
DA:5452,0
DA:5454,0
DA:5456,0
DA:5459,0
DA:5462,0
DA:5465,0
DA:5468,0
DA:5471,0
DA:5474,0
DA:5475,0
DA:5477,0
DA:5480,0
DA:5483,0
DA:5486,0
DA:5488,0
DA:5490,0
DA:5495,0
DA:5496,0
DA:5499,0
DA:5500,0
DA:5503,0
DA:5508,0
DA:5511,0
DA:5513,0
DA:5514,0
DA:5521,0
DA:5528,0
DA:5531,0
DA:5533,0
DA:5535,0
DA:5536,0
DA:5538,0
DA:5542,0
DA:5543,0
DA:5548,0
DA:5549,0
DA:5550,0
DA:5551,0
DA:5556,0
DA:5558,0
DA:5559,0
DA:5567,3
DA:5573,3
DA:5574,1
DA:5577,0
DA:5580,0
DA:5583,0
DA:5587,0
DA:5588,0
DA:5589,0
DA:5590,0
DA:5591,0
DA:5592,0
DA:5602,1
DA:5604,1
DA:5605,1
DA:5607,1
DA:5608,1
DA:5612,1
DA:5613,1
DA:5622,1
DA:5624,1
DA:5625,1
DA:5633,1
DA:5635,1
DA:5636,1
DA:5644,1
DA:5646,1
DA:5647,1
DA:5656,1
DA:5658,1
DA:5659,1
DA:5664,1
DA:5666,2
DA:5671,1
DA:5673,2
DA:5676,0
DA:5678,0
DA:5681,1
DA:5683,2
DA:5690,1
DA:5692,2
DA:5701,1
DA:5703,2
DA:5706,1
DA:5708,2
DA:5711,0
DA:5713,0
DA:5716,0
DA:5718,0
DA:5727,1
DA:5729,1
DA:5730,1
DA:5732,1
DA:5734,2
DA:5765,1
DA:5769,1
DA:5772,1
DA:5774,1
DA:5776,1
DA:5779,1
DA:5780,1
DA:5784,1
DA:5785,1
DA:5787,0
DA:5790,0
DA:5792,0
DA:5795,1
DA:5797,2
DA:5804,1
DA:5805,1
DA:5810,1
DA:5811,1
DA:5814,1
DA:5817,1
DA:5820,1
DA:5823,1
DA:5826,1
DA:5828,1
DA:5833,1
DA:5834,2
DA:5835,1
DA:5837,1
DA:5840,1
DA:5842,1
DA:5847,1
DA:5848,1
DA:5849,0
DA:5851,1
DA:5854,1
DA:5856,1
DA:5858,0
DA:5860,0
DA:5868,1
DA:5869,1
DA:5870,4
DA:5871,1
DA:5874,2
DA:5875,1
DA:5878,1
DA:5880,2
DA:5881,1
DA:5882,1
DA:5887,0
DA:5889,0
DA:5890,0
DA:5891,0
DA:5895,1
DA:5897,2
DA:5903,1
DA:5905,2
DA:5906,1
DA:5907,1
DA:5912,0
DA:5914,0
DA:5917,1
DA:5918,3
DA:5920,0
DA:5929,2
DA:5930,4
DA:5932,0
DA:5933,0
DA:5935,1
DA:5936,2
DA:5938,1
DA:5939,2
DA:5941,1
DA:5942,2
DA:5944,1
DA:5945,2
DA:5947,1
DA:5948,2
DA:5950,1
DA:5951,2
DA:5957,0
DA:5962,0
DA:5963,0
DA:5967,0
DA:5968,0
DA:5969,0
DA:5970,0
DA:5971,0
DA:5980,1
DA:5982,2
DA:5984,0
DA:5986,0
DA:5987,0
DA:5990,0
DA:5993,0
DA:5996,1
DA:5997,1
DA:5999,0
DA:6001,0
DA:6014,0
DA:6017,0
DA:6018,0
DA:6029,1
DA:6031,0
DA:6032,0
DA:6034,1
DA:6036,1
DA:6038,0
DA:6040,0
DA:6041,0
DA:6042,0
DA:6045,1
DA:6048,1
DA:6050,1
DA:6053,1
DA:6054,3
DA:6056,0
DA:6057,0
DA:6059,0
DA:6061,0
DA:6078,1
DA:6082,1
DA:6084,3
DA:6085,3
DA:6086,2
DA:6087,3
DA:6088,1
DA:6091,0
DA:6093,0
DA:6096,0
DA:6099,0
DA:6101,0
DA:6104,0
DA:6107,1
DA:6108,1
DA:6110,0
DA:6112,0
DA:6113,0
DA:6114,0
DA:6118,1
DA:6119,1
DA:6122,1
DA:6124,1
DA:6128,1
DA:6129,1
DA:6132,1
DA:6134,1
DA:6138,1
DA:6139,1
DA:6142,1
DA:6144,1
DA:6150,1
DA:6152,2
DA:6153,1
DA:6156,1
DA:6158,1
DA:6159,3
DA:6161,1
DA:6164,1
DA:6166,2
DA:6167,1
DA:6170,1
DA:6171,1
DA:6174,1
DA:6176,1
DA:6178,0
DA:6180,0
DA:6182,0
DA:6191,1
DA:6194,1
DA:6195,1
DA:6196,1
DA:6199,1
DA:6200,2
DA:6202,0
DA:6203,0
DA:6205,1
DA:6208,0
DA:6210,0
DA:6211,0
DA:6215,0
DA:6218,1
DA:6219,2
DA:6221,0
DA:6226,1
DA:6227,2
DA:6229,1
DA:6231,2
DA:6234,1
DA:6235,1
DA:6239,0
DA:6249,1
DA:6252,1
DA:6253,1
DA:6256,1
DA:6257,2
DA:6259,1
DA:6262,0
DA:6263,0
DA:6265,1
DA:6267,2
DA:6268,1
DA:6271,2
DA:6272,2
DA:6276,1
DA:6277,1
DA:6279,0
DA:6284,1
DA:6285,2
DA:6287,0
DA:6289,0
DA:6291,0
DA:6292,0
DA:6293,0
DA:6297,0
DA:6331,1
DA:6332,1
DA:6336,1
DA:6337,1
DA:6341,1
DA:6342,1
DA:6345,1
DA:6348,0
DA:6351,1
DA:6353,1
DA:6356,1
DA:6358,1
DA:6359,0
DA:6361,0
DA:6362,0
DA:6365,0
DA:6371,1
DA:6372,1
DA:6375,1
DA:6376,1
DA:6379,1
DA:6381,2
DA:6382,2
DA:6384,1
DA:6385,1
DA:6386,3
DA:6387,1
DA:6388,2
DA:6389,2
DA:6390,2
DA:6391,0
DA:6393,0
DA:6398,3
DA:6399,1
DA:6400,1
DA:6403,1
DA:6405,1
DA:6408,1
DA:6409,1
DA:6410,1
DA:6411,1
DA:6413,1
DA:6414,1
DA:6415,1
DA:6420,0
DA:6421,0
DA:6422,0
DA:6425,1
DA:6427,2
DA:6433,1
DA:6436,2
DA:6442,1
DA:6443,1
DA:6444,1
DA:6446,1
DA:6467,0
DA:6469,0
DA:6470,0
DA:6471,0
DA:6472,0
DA:6473,0
DA:6474,0
DA:6476,0
DA:6478,0
DA:6486,1
DA:6494,1
DA:6497,1
DA:6500,1
DA:6502,1
DA:6503,1
DA:6504,1
DA:6506,1
DA:6507,1
DA:6509,0
DA:6511,1
DA:6513,4
DA:6514,3
DA:6515,1
DA:6523,1
DA:6525,1
DA:6528,1
DA:6529,1
DA:6530,1
DA:6531,1
DA:6532,1
DA:6542,1
DA:6544,0
DA:6547,1
DA:6549,1
DA:6552,1
DA:6555,0
DA:6558,1
DA:6560,1
DA:6561,1
DA:6564,1
DA:6566,1
DA:6587,1
DA:6589,1
DA:6591,1
DA:6592,1
DA:6595,1
DA:6596,1
DA:6597,1
DA:6600,1
DA:6602,1
DA:6603,1
DA:6606,1
DA:6607,1
DA:6610,1
DA:6611,1
DA:6613,1
DA:6615,1
DA:6619,0
DA:6620,0
DA:6621,0
DA:6624,0
DA:6625,0
DA:6626,0
DA:6627,0
DA:6630,0
DA:6631,0
DA:6632,0
DA:6633,0
DA:6634,0
DA:6635,0
DA:6638,0
DA:6639,0
DA:6640,0
DA:6647,1
DA:6649,1
DA:6652,1
DA:6653,1
DA:6656,0
DA:6658,0
DA:6665,1
DA:6667,1
DA:6668,1
DA:6671,1
DA:6673,1
DA:6677,0
DA:6679,0
DA:6680,0
DA:6681,0
DA:6682,0
DA:6686,0
DA:6688,0
DA:6692,1
DA:6694,1
DA:6697,0
DA:6699,0
DA:6702,0
DA:6707,0
DA:6708,0
DA:6709,0
DA:6711,0
DA:6715,0
DA:6716,0
DA:6718,0
DA:6722,0
DA:6723,0
DA:6724,0
DA:6725,0
DA:6726,0
DA:6728,0
DA:6733,0
DA:6734,0
DA:6735,0
DA:6736,0
DA:6738,0
DA:6743,0
DA:6744,0
DA:6745,0
DA:6746,0
DA:6748,0
DA:6753,0
DA:6754,0
DA:6755,0
DA:6757,0
DA:6763,0
DA:6767,1
DA:6768,1
DA:6769,1
DA:6771,1
DA:6774,0
DA:6775,0
DA:6778,0
DA:6802,1
DA:6806,3
DA:6807,1
DA:6810,1
DA:6812,1
DA:6815,1
DA:6816,1
DA:6819,0
DA:6822,0
DA:6823,0
DA:6825,1
DA:6826,1
DA:6829,0
DA:6832,1
DA:6834,1
DA:6837,1
DA:6838,1
DA:6841,2
DA:6843,1
DA:6848,0
DA:6849,0
DA:6852,0
DA:6857,1
DA:6859,1
DA:6861,0
DA:6863,0
DA:6866,1
DA:6870,1
DA:6882,0
DA:6887,4
DA:6889,6
DA:6890,4
DA:6893,4
DA:6894,8
DA:6895,4
DA:6897,4
DA:6900,3
DA:6901,3
DA:6920,1
DA:6923,1
DA:6924,1
DA:6927,1
DA:6928,1
DA:6933,0
DA:6934,0
DA:6938,0
DA:6939,0
DA:6944,0
DA:6945,0
DA:6948,0
DA:6949,0
DA:6961,1
DA:6970,1
DA:6972,0
DA:6975,0
DA:6976,0
DA:6982,0
DA:6986,0
DA:6987,0
DA:6990,1
DA:6992,1
DA:6996,1
DA:6997,1
DA:7001,1
DA:7002,1
DA:7005,1
DA:7007,1
DA:7011,1
DA:7012,1
DA:7015,0
DA:7019,1
DA:7020,1
DA:7023,1
DA:7025,1
DA:7029,1
DA:7030,1
DA:7034,1
DA:7035,1
DA:7038,1
DA:7039,1
DA:7041,1
DA:7042,1
DA:7045,1
DA:7046,1
DA:7048,1
DA:7049,1
DA:7051,1
DA:7052,1
DA:7055,0
DA:7057,0
DA:7060,0
DA:7065,1
DA:7069,2
DA:7070,2
DA:7072,3
DA:7073,6
DA:7075,2
DA:7076,4
DA:7082,2
DA:7083,2
DA:7084,2
DA:7085,2
DA:7086,4
DA:7087,2
DA:7088,2
DA:7089,2
DA:7090,2
DA:7091,4
DA:7092,2
DA:7093,2
LF:2493
LH:1372
end_of_record
SF:/Users/scheglov/Source/Dart/sdk.git/sdk/pkg/analyzer/lib/src/summary2/macro.dart
DA:40,1
DA:45,4
DA:46,2
DA:49,1
DA:55,1
DA:57,4
DA:60,1
DA:67,2
DA:68,1
DA:76,1
DA:80,1
DA:86,2
DA:87,2
DA:99,1
DA:103,1
DA:104,4
DA:105,2
DA:107,1
DA:113,1
DA:114,1
DA:116,3
DA:119,1
DA:121,4
DA:122,1
DA:125,2
DA:126,1
DA:130,1
DA:137,2
DA:138,1
DA:146,1
DA:150,1
DA:156,2
DA:157,2
DA:166,1
DA:187,1
DA:189,1
DA:193,1
DA:194,1
DA:195,1
DA:196,4
DA:197,4
DA:203,3
DA:204,1
DA:205,2
DA:207,1
DA:219,1
DA:225,0
DA:236,1
DA:238,2
DA:242,1
DA:243,2
DA:247,0
DA:248,0
DA:249,0
DA:251,0
DA:255,1
DA:256,2
DA:257,1
DA:266,1
DA:268,0
DA:280,1
DA:282,1
DA:283,2
DA:285,1
DA:287,2
DA:289,1
DA:291,2
LF:67
LH:61
end_of_record
SF:/Users/scheglov/Source/Dart/sdk.git/sdk/pkg/analyzer/lib/src/summary2/macro_application_error.dart
DA:14,1
DA:25,1
DA:36,1
DA:47,1
DA:55,1
DA:66,0
DA:79,1
DA:90,1
LF:8
LH:7
end_of_record
SF:/Users/scheglov/Source/Dart/sdk.git/sdk/pkg/analyzer/lib/src/test_utilities/mock_packages.dart
DA:10,0
DA:11,0
DA:12,0
DA:30,0
DA:31,0
DA:32,0
DA:57,0
DA:58,0
DA:59,0
DA:69,0
DA:70,0
DA:71,0
DA:81,1
DA:82,1
DA:83,1
DA:84,2
DA:284,2
LF:17
LH:5
end_of_record
SF:/Users/scheglov/Source/Dart/sdk.git/sdk/pkg/analyzer/lib/src/test_utilities/package_config_file_builder.dart
DA:17,1
DA:23,5
DA:24,0
DA:26,2
DA:27,1
DA:36,1
DA:37,1
DA:38,3
DA:42,1
DA:45,1
DA:47,1
DA:49,1
DA:50,2
DA:51,2
DA:53,4
DA:54,2
DA:56,1
DA:57,2
DA:59,1
DA:60,3
DA:62,2
DA:63,2
DA:65,1
DA:66,3
DA:68,1
DA:69,0
DA:70,0
DA:73,1
DA:75,1
DA:76,1
DA:77,5
DA:80,1
DA:81,1
DA:83,1
DA:93,1
LF:35
LH:32
end_of_record
SF:/Users/scheglov/Source/Dart/sdk.git/sdk/pkg/analyzer/lib/file_system/memory_file_system.dart
DA:41,1
DA:44,3
DA:48,0
DA:49,1
DA:51,1
DA:52,1
DA:58,1
DA:59,5
DA:60,0
DA:61,0
DA:63,0
DA:69,1
DA:70,2
DA:71,1
DA:72,0
DA:75,2
DA:76,1
DA:78,1
DA:83,0
DA:84,0
DA:85,0
DA:86,0
DA:89,0
DA:90,0
DA:91,0
DA:92,0
DA:93,0
DA:94,0
DA:95,0
DA:97,0
DA:101,0
DA:102,0
DA:104,0
DA:105,0
DA:108,0
DA:109,0
DA:111,0
DA:114,1
DA:116,1
DA:117,1
DA:120,1
DA:122,1
DA:123,1
DA:126,1
DA:128,1
DA:129,2
DA:130,1
DA:131,1
DA:132,1
DA:135,0
DA:137,0
DA:138,0
DA:141,0
DA:142,0
DA:143,0
DA:144,0
DA:147,0
DA:148,0
DA:149,0
DA:151,0
DA:154,1
DA:155,1
DA:156,1
DA:159,1
DA:160,1
DA:161,1
DA:163,2
DA:164,1
DA:165,1
DA:167,3
DA:169,2
DA:171,1
DA:173,1
DA:176,1
DA:177,1
DA:178,1
DA:182,0
DA:183,0
DA:184,0
DA:185,0
DA:189,0
DA:190,0
DA:191,0
DA:192,0
DA:195,1
DA:196,2
DA:197,2
DA:198,2
DA:204,1
DA:205,2
DA:206,0
DA:208,3
DA:209,0
DA:213,1
DA:214,1
DA:216,2
DA:217,1
DA:220,2
DA:221,1
DA:222,1
DA:223,1
DA:225,1
DA:226,2
DA:227,1
DA:230,0
DA:234,1
DA:235,2
DA:237,0
DA:239,0
DA:240,0
DA:246,1
DA:247,2
DA:248,2
DA:249,2
DA:250,2
DA:253,0
DA:254,0
DA:255,0
DA:256,0
DA:259,0
DA:263,0
DA:266,0
DA:267,0
DA:269,0
DA:272,0
DA:273,0
DA:274,0
DA:276,0
DA:277,0
DA:279,0
DA:280,0
DA:283,1
DA:284,2
DA:285,1
DA:289,1
DA:291,2
DA:292,2
DA:295,2
DA:306,1
DA:307,2
DA:308,1
DA:309,1
DA:311,3
DA:313,2
DA:315,1
DA:323,1
DA:336,1
DA:338,1
DA:340,3
DA:341,4
DA:344,0
DA:346,0
DA:349,1
DA:351,3
DA:352,3
DA:353,1
DA:354,0
DA:356,1
DA:359,1
DA:361,1
DA:362,2
DA:363,2
DA:367,1
DA:369,4
DA:370,1
DA:373,1
DA:375,3
DA:378,0
DA:380,0
DA:383,1
DA:385,3
DA:386,3
DA:387,1
DA:388,2
DA:390,1
DA:393,1
DA:395,1
DA:396,1
DA:399,0
DA:401,0
DA:402,0
DA:405,0
DA:407,0
DA:408,0
DA:410,0
DA:411,0
DA:417,1
DA:419,1
DA:420,3
DA:423,1
DA:425,1
DA:426,1
DA:432,1
DA:434,1
DA:436,3
DA:437,4
DA:440,1
DA:442,4
DA:443,2
DA:446,1
DA:448,3
DA:449,4
DA:450,3
DA:454,1
DA:456,4
DA:459,1
DA:461,2
DA:462,1
DA:463,2
DA:464,1
DA:469,1
DA:471,3
DA:474,0
DA:476,0
DA:479,0
DA:481,0
DA:482,0
DA:485,1
DA:487,1
DA:488,2
DA:491,1
DA:493,1
DA:494,2
DA:497,1
DA:499,3
DA:500,2
DA:501,0
DA:502,0
DA:503,0
DA:504,0
DA:505,0
DA:506,0
DA:508,0
DA:510,0
DA:513,4
DA:514,1
DA:515,0
DA:518,1
DA:519,2
DA:520,4
DA:521,2
DA:522,1
DA:525,3
DA:526,0
DA:527,0
DA:528,0
DA:529,0
DA:530,0
DA:532,0
DA:533,0
DA:534,0
DA:543,1
DA:545,2
DA:548,1
DA:551,1
DA:553,3
DA:554,2
DA:556,1
DA:557,0
DA:563,0
DA:564,0
DA:575,1
DA:577,0
DA:579,1
DA:580,2
DA:582,1
DA:584,4
DA:585,2
DA:588,0
DA:589,0
DA:591,1
DA:592,4
DA:594,1
DA:596,3
DA:599,3
DA:602,0
DA:603,0
DA:605,1
DA:606,4
DA:615,0
DA:617,0
DA:618,0
DA:623,0
DA:624,0
DA:625,0
DA:626,0
DA:627,0
DA:628,0
DA:629,0
DA:632,0
DA:633,0
DA:634,0
DA:635,0
DA:639,0
DA:643,0
DA:644,0
DA:645,0
DA:646,0
DA:650,0
DA:653,0
LF:300
LH:171
end_of_record
SF:/Users/scheglov/Source/Dart/sdk.git/sdk/pkg/analyzer/lib/src/generated/source.dart
DA:28,1
DA:30,0
DA:31,0
DA:33,0
DA:34,0
DA:36,0
DA:37,0
DA:39,0
DA:40,0
DA:53,1
DA:58,2
DA:60,1
DA:62,2
DA:65,1
DA:67,1
DA:70,3
DA:77,2
DA:82,0
DA:84,0
DA:93,0
DA:95,0
DA:97,0
DA:100,0
DA:101,0
DA:103,0
DA:104,0
DA:106,0
DA:108,0
DA:109,0
DA:114,0
DA:117,0
DA:118,0
DA:197,1
DA:199,0
DA:200,0
DA:202,0
DA:203,0
DA:205,0
DA:206,0
LF:39
LH:10
end_of_record
SF:/Users/scheglov/Source/Dart/sdk.git/sdk/pkg/analyzer/lib/src/source/source_resource.dart
DA:20,3
DA:27,3
DA:45,1
DA:46,1
DA:47,2
DA:48,6
DA:50,1
DA:52,1
DA:63,1
DA:64,1
DA:65,6
DA:68,1
DA:69,3
DA:71,0
DA:72,0
DA:74,0
DA:75,0
DA:77,0
DA:79,0
DA:80,0
DA:81,0
DA:82,0
DA:87,0
DA:88,0
DA:90,0
DA:92,0
LF:26
LH:13
end_of_record
SF:/Users/scheglov/Source/Dart/sdk.git/sdk/pkg/analyzer/lib/src/generated/engine.dart
DA:93,0
DA:99,0
DA:103,0
DA:107,0
DA:109,0
DA:111,0
DA:117,0
DA:119,0
DA:148,0
DA:154,1
DA:155,1
DA:156,2
DA:247,1
DA:248,2
DA:253,0
DA:254,0
DA:255,0
DA:256,0
DA:257,0
DA:258,0
DA:259,0
DA:260,0
DA:261,0
DA:262,0
DA:263,0
DA:264,0
DA:265,0
DA:266,0
DA:268,0
DA:271,1
DA:272,1
DA:274,1
DA:275,1
DA:276,1
DA:279,1
DA:281,1
DA:285,1
DA:286,1
DA:289,0
DA:290,0
DA:294,0
DA:295,0
DA:299,0
DA:301,0
DA:302,0
DA:305,0
DA:306,0
DA:308,1
DA:309,1
DA:313,0
DA:314,0
DA:317,1
DA:318,1
DA:319,1
DA:322,1
DA:323,0
DA:327,2
DA:328,2
DA:329,2
DA:330,2
DA:333,3
DA:334,3
DA:335,3
DA:339,3
DA:340,1
DA:341,0
DA:345,1
DA:346,3
DA:347,1
DA:348,0
DA:352,3
DA:353,1
DA:354,0
DA:358,2
DA:360,1
DA:363,1
DA:364,1
DA:365,1
DA:368,3
DA:369,3
DA:370,3
DA:374,2
DA:376,1
DA:382,1
DA:383,1
DA:384,1
DA:387,3
DA:388,3
DA:391,3
DA:392,3
DA:393,3
DA:397,1
DA:399,0
DA:402,0
DA:404,0
LF:95
LH:53
end_of_record
SF:/Users/scheglov/Source/Dart/sdk.git/sdk/pkg/analyzer/lib/src/context/source.dart
DA:21,0
DA:25,0
DA:39,1
DA:41,1
DA:43,1
DA:44,1
DA:45,2
DA:46,1
DA:47,1
DA:48,1
DA:54,0
DA:56,0
DA:57,0
DA:58,0
DA:60,0
DA:61,0
DA:67,1
DA:72,2
DA:74,0
DA:75,0
DA:78,1
DA:79,1
DA:83,0
DA:84,0
DA:85,0
DA:90,1
DA:92,1
DA:94,1
DA:95,0
DA:97,0
DA:98,0
DA:99,0
DA:105,1
DA:107,2
DA:108,1
DA:116,0
DA:121,0
DA:126,0
DA:127,0
DA:128,0
DA:132,0
DA:134,0
DA:135,0
DA:155,1
DA:156,1
DA:158,0
DA:163,0
DA:166,2
DA:168,2
DA:169,1
DA:171,2
LF:51
LH:24
end_of_record
SF:/Users/scheglov/Source/Dart/sdk.git/sdk/pkg/analyzer/lib/src/generated/sdk.dart
DA:80,0
DA:84,0
DA:85,0
DA:88,0
DA:93,0
DA:98,0
DA:99,0
DA:110,4
DA:114,4
DA:117,0
DA:118,0
DA:119,0
DA:120,0
DA:121,0
DA:122,0
DA:123,0
DA:124,0
DA:132,3
DA:135,1
DA:136,2
DA:140,0
DA:148,0
DA:150,0
DA:152,0
DA:155,0
DA:157,0
DA:158,0
DA:163,0
DA:165,0
DA:204,2
DA:208,1
DA:210,1
DA:212,1
DA:214,1
DA:216,1
DA:218,1
DA:224,1
DA:226,1
DA:227,2
DA:229,1
DA:230,1
DA:231,1
DA:232,2
DA:233,2
DA:234,1
DA:235,2
DA:236,1
DA:237,3
DA:238,1
DA:239,1
DA:240,1
DA:241,2
DA:242,0
DA:243,0
DA:244,0
DA:245,0
DA:246,0
DA:247,0
DA:248,0
DA:249,0
DA:250,0
DA:252,0
DA:255,0
DA:256,0
DA:257,0
DA:262,2
DA:335,1
DA:338,0
DA:339,0
DA:342,0
DA:343,0
DA:345,0
DA:346,0
DA:348,0
DA:349,0
DA:351,0
DA:352,0
DA:354,0
DA:355,0
DA:357,0
DA:358,0
DA:361,0
DA:362,0
DA:366,0
DA:367,0
LF:85
LH:30
end_of_record
SF:/Users/scheglov/Source/Dart/sdk.git/sdk/pkg/analyzer/lib/source/line_info.dart
DA:15,0
DA:17,0
DA:19,0
DA:20,0
DA:21,0
DA:23,0
DA:24,0
DA:39,1
DA:40,2
DA:41,0
DA:47,0
DA:51,0
DA:52,0
DA:53,0
DA:54,0
DA:56,0
DA:58,0
DA:61,0
DA:65,0
DA:66,0
DA:70,0
DA:74,0
DA:77,0
DA:79,0
DA:85,0
DA:86,0
DA:90,0
DA:91,0
DA:96,0
DA:97,0
DA:99,0
DA:100,0
DA:106,0
DA:108,0
DA:113,0
DA:114,0
DA:115,0
DA:116,0
DA:118,0
DA:123,0
DA:124,0
LF:41
LH:2
end_of_record
SF:/Users/scheglov/Source/Dart/sdk.git/sdk/pkg/analyzer/lib/source/source_range.dart
DA:20,2
DA:24,0
DA:26,0
DA:27,0
DA:29,0
DA:31,0
DA:32,0
DA:33,0
DA:37,0
DA:40,0
DA:43,0
DA:46,0
DA:47,0
DA:50,0
DA:51,0
DA:52,0
DA:57,0
DA:58,0
DA:62,0
DA:66,0
DA:70,0
DA:71,0
DA:73,0
DA:74,0
DA:78,0
DA:82,0
DA:85,0
DA:92,0
DA:94,0
DA:95,0
LF:30
LH:1
end_of_record
SF:/Users/scheglov/Source/Dart/sdk.git/sdk/pkg/analyzer/lib/src/generated/timestamped_data.dart
DA:15,1
LF:1
LH:1
end_of_record
SF:/Users/scheglov/Source/Dart/sdk.git/sdk/pkg/analyzer/lib/dart/ast/visitor.dart
DA:61,0
DA:62,0
DA:67,0
DA:68,0
DA:69,0
DA:70,0
DA:71,0
DA:75,0
DA:77,0
DA:103,0
DA:105,0
DA:107,0
DA:108,0
DA:132,1
DA:134,1
DA:135,1
DA:137,2
DA:139,1
DA:140,1
DA:142,1
DA:143,1
DA:145,1
DA:146,1
DA:148,1
DA:149,1
DA:151,0
DA:152,0
DA:154,1
DA:156,1
DA:158,1
DA:160,1
DA:162,1
DA:164,1
DA:166,1
DA:167,1
DA:169,1
DA:170,1
DA:172,1
DA:173,1
DA:175,1
DA:176,1
DA:178,1
DA:179,1
DA:181,1
DA:182,1
DA:184,0
DA:185,0
DA:187,1
DA:188,1
DA:190,0
DA:191,0
DA:193,1
DA:194,1
DA:196,0
DA:197,0
DA:199,1
DA:201,1
DA:203,2
DA:205,1
DA:206,1
DA:208,2
DA:210,2
DA:212,1
DA:213,1
DA:215,1
DA:216,1
DA:218,1
DA:219,1
DA:221,1
DA:222,1
DA:224,1
DA:226,1
DA:228,0
DA:229,0
DA:231,0
DA:232,0
DA:234,1
DA:236,1
DA:238,1
DA:240,1
DA:242,1
DA:243,1
DA:245,1
DA:246,1
DA:248,0
DA:250,0
DA:252,0
DA:253,0
DA:255,1
DA:256,1
DA:258,2
DA:260,2
DA:262,1
DA:263,1
DA:265,1
DA:267,1
DA:269,1
DA:271,1
DA:273,2
DA:275,0
DA:276,0
DA:278,0
DA:279,0
DA:281,1
DA:282,1
DA:284,1
DA:285,1
DA:287,0
DA:288,0
DA:290,0
DA:291,0
DA:293,1
DA:295,1
DA:297,1
DA:299,1
DA:301,1
DA:303,1
DA:305,2
DA:307,1
DA:309,1
DA:311,1
DA:312,1
DA:314,1
DA:315,1
DA:317,1
DA:319,1
DA:321,0
DA:322,0
DA:324,1
DA:326,1
DA:328,1
DA:329,1
DA:331,1
DA:333,1
DA:335,2
DA:337,1
DA:339,1
DA:341,0
DA:343,0
DA:345,0
DA:347,0
DA:349,1
DA:350,1
DA:352,2
DA:354,1
DA:355,1
DA:357,2
DA:359,1
DA:361,1
DA:363,0
DA:365,0
DA:367,0
DA:368,0
DA:370,1
DA:371,1
DA:373,2
DA:375,1
DA:377,2
DA:378,1
DA:380,1
DA:383,1
DA:385,1
DA:387,1
DA:388,1
DA:390,0
DA:392,0
DA:394,0
DA:395,0
DA:397,0
DA:398,0
DA:400,1
DA:402,1
DA:404,1
DA:406,1
DA:408,1
DA:409,1
DA:411,1
DA:412,1
DA:414,1
DA:415,1
DA:417,2
DA:419,1
DA:420,1
DA:422,1
DA:423,1
DA:425,1
DA:426,1
DA:428,0
DA:429,0
DA:431,1
DA:433,1
DA:435,1
DA:436,1
DA:438,1
DA:439,1
DA:441,1
DA:443,1
DA:445,1
DA:446,1
DA:448,2
DA:450,1
DA:452,1
DA:454,1
DA:456,1
DA:458,1
DA:459,1
DA:461,1
DA:462,1
DA:464,1
DA:465,1
DA:467,0
DA:468,0
DA:470,1
DA:472,1
DA:475,1
DA:476,1
DA:478,1
DA:479,1
DA:481,1
DA:482,1
DA:484,1
DA:485,1
DA:487,2
DA:489,0
DA:490,0
DA:492,0
DA:493,0
DA:495,1
DA:496,1
DA:498,0
DA:499,0
DA:501,0
DA:502,0
DA:504,1
DA:505,1
DA:507,1
DA:509,1
DA:511,1
DA:513,1
DA:515,1
DA:516,1
DA:518,1
DA:519,1
DA:521,1
DA:522,1
DA:524,1
DA:525,1
DA:527,0
DA:528,0
DA:530,1
DA:532,1
DA:534,1
DA:535,1
DA:539,1
DA:540,1
DA:542,0
DA:543,0
DA:545,1
DA:546,1
DA:548,1
DA:549,1
DA:551,1
DA:552,1
DA:554,1
DA:555,1
DA:557,1
DA:559,1
DA:561,0
DA:563,0
DA:565,1
DA:566,1
DA:568,1
DA:569,1
DA:571,1
DA:572,1
DA:574,1
DA:575,1
DA:577,0
DA:578,0
DA:580,0
DA:582,0
DA:584,0
DA:587,0
DA:589,1
DA:590,1
DA:592,1
DA:593,1
DA:595,1
DA:596,1
DA:598,1
DA:599,1
DA:601,1
DA:602,1
DA:604,1
DA:605,1
DA:607,1
DA:609,1
DA:611,1
DA:612,1
DA:614,0
DA:616,0
DA:618,0
DA:621,0
DA:623,1
DA:626,1
DA:628,1
DA:631,1
DA:633,0
DA:634,0
DA:636,0
DA:638,0
DA:640,1
DA:642,1
DA:644,1
DA:645,1
DA:647,0
DA:648,0
DA:650,1
DA:651,1
DA:653,0
DA:654,0
DA:656,1
DA:657,1
DA:659,1
DA:660,1
DA:662,1
DA:664,1
DA:666,0
DA:667,0
DA:669,1
DA:671,1
DA:673,1
DA:674,1
DA:676,1
DA:677,1
DA:679,2
DA:681,1
DA:683,1
DA:685,2
DA:687,1
DA:689,1
DA:691,0
DA:692,0
DA:694,1
DA:696,1
DA:698,0
DA:699,0
DA:701,1
DA:702,1
DA:704,0
DA:705,0
DA:707,0
DA:708,0
DA:710,2
DA:712,1
DA:713,1
DA:715,1
DA:716,1
DA:718,0
DA:719,0
DA:721,1
DA:722,1
DA:724,1
DA:725,1
DA:727,1
DA:729,1
DA:731,1
DA:732,1
DA:734,2
DA:736,2
DA:738,1
DA:739,1
DA:741,2
DA:743,0
DA:744,0
DA:746,1
DA:747,1
DA:749,1
DA:750,1
DA:752,2
DA:754,1
DA:756,1
DA:758,1
DA:760,1
DA:762,1
DA:764,1
DA:766,0
DA:767,0
DA:769,1
DA:770,1
DA:772,0
DA:773,0
DA:775,1
DA:776,1
DA:778,0
DA:779,0
DA:794,1
DA:796,1
DA:798,1
DA:802,1
DA:804,1
DA:808,1
DA:810,1
DA:814,1
DA:816,1
DA:820,1
DA:822,1
DA:826,0
DA:828,0
DA:832,1
DA:834,1
DA:838,1
DA:840,1
DA:844,0
DA:846,0
DA:850,1
DA:852,1
DA:856,1
DA:858,1
DA:862,1
DA:864,1
DA:868,1
DA:870,1
DA:874,1
DA:876,1
DA:880,1
DA:882,1
DA:886,0
DA:888,0
DA:892,1
DA:894,1
DA:898,0
DA:900,0
DA:904,1
DA:906,1
DA:910,0
DA:912,0
DA:916,1
DA:918,1
DA:922,0
DA:924,0
DA:928,0
DA:930,0
DA:934,0
DA:936,0
DA:940,1
DA:942,1
DA:946,1
DA:948,1
DA:952,0
DA:954,0
DA:958,0
DA:960,0
DA:964,1
DA:966,1
DA:970,1
DA:972,1
DA:976,1
DA:978,1
DA:982,0
DA:984,0
DA:988,0
DA:990,0
DA:994,1
DA:996,1
DA:1000,1
DA:1002,1
DA:1006,1
DA:1008,1
DA:1012,0
DA:1014,0
DA:1018,0
DA:1020,0
DA:1024,0
DA:1026,0
DA:1030,1
DA:1032,1
DA:1036,1
DA:1038,1
DA:1042,0
DA:1044,0
DA:1048,0
DA:1050,0
DA:1054,0
DA:1056,0
DA:1060,0
DA:1062,0
DA:1066,0
DA:1068,0
DA:1072,1
DA:1074,1
DA:1078,1
DA:1080,1
DA:1084,0
DA:1086,0
DA:1090,0
DA:1092,0
DA:1096,0
DA:1098,0
DA:1102,0
DA:1104,0
DA:1108,1
DA:1110,1
DA:1114,1
DA:1116,1
DA:1120,1
DA:1122,1
DA:1126,0
DA:1128,0
DA:1132,0
DA:1134,0
DA:1138,1
DA:1140,1
DA:1144,1
DA:1146,1
DA:1150,1
DA:1152,1
DA:1156,0
DA:1158,0
DA:1162,0
DA:1164,0
DA:1168,1
DA:1170,1
DA:1174,1
DA:1176,1
DA:1180,1
DA:1182,1
DA:1186,1
DA:1188,1
DA:1192,0
DA:1194,0
DA:1198,0
DA:1200,0
DA:1204,0
DA:1206,0
DA:1210,0
DA:1212,0
DA:1216,0
DA:1218,0
DA:1222,0
DA:1224,0
DA:1228,1
DA:1230,1
DA:1234,0
DA:1236,0
DA:1240,1
DA:1242,1
DA:1246,1
DA:1248,1
DA:1252,1
DA:1254,1
DA:1258,0
DA:1260,0
DA:1264,1
DA:1266,1
DA:1270,1
DA:1272,1
DA:1276,1
DA:1278,1
DA:1282,1
DA:1284,1
DA:1288,1
DA:1290,1
DA:1294,1
DA:1296,1
DA:1300,1
DA:1302,1
DA:1306,1
DA:1308,1
DA:1312,1
DA:1314,1
DA:1318,0
DA:1320,0
DA:1324,1
DA:1326,1
DA:1330,0
DA:1332,0
DA:1336,0
DA:1338,0
DA:1342,1
DA:1344,1
DA:1348,1
DA:1350,1
DA:1354,0
DA:1356,0
DA:1360,0
DA:1362,0
DA:1366,1
DA:1368,1
DA:1372,0
DA:1374,0
DA:1378,0
DA:1380,0
DA:1384,1
DA:1386,1
DA:1390,1
DA:1392,1
DA:1396,1
DA:1398,1
DA:1402,1
DA:1404,1
DA:1408,1
DA:1410,1
DA:1414,0
DA:1416,0
DA:1420,1
DA:1422,1
DA:1426,0
DA:1428,0
DA:1432,1
DA:1434,1
DA:1438,1
DA:1440,1
DA:1444,1
DA:1446,1
DA:1450,1
DA:1452,1
DA:1456,1
DA:1458,1
DA:1462,0
DA:1464,0
DA:1468,0
DA:1470,0
DA:1474,0
DA:1476,0
DA:1480,1
DA:1482,1
DA:1486,1
DA:1488,1
DA:1492,0
DA:1494,0
DA:1498,0
DA:1500,0
DA:1504,0
DA:1507,0
DA:1511,1
DA:1513,1
DA:1517,1
DA:1519,1
DA:1523,1
DA:1525,1
DA:1529,1
DA:1531,1
DA:1535,1
DA:1537,1
DA:1541,1
DA:1543,1
DA:1547,0
DA:1549,0
DA:1553,0
DA:1555,0
DA:1559,0
DA:1562,0
DA:1566,0
DA:1569,0
DA:1573,1
DA:1576,1
DA:1580,0
DA:1582,0
DA:1586,0
DA:1588,0
DA:1592,0
DA:1594,0
DA:1598,1
DA:1600,1
DA:1604,0
DA:1606,0
DA:1610,1
DA:1612,1
DA:1616,0
DA:1618,0
DA:1622,1
DA:1624,1
DA:1628,0
DA:1630,0
DA:1634,1
DA:1636,1
DA:1640,1
DA:1642,1
DA:1646,1
DA:1648,1
DA:1652,1
DA:1654,1
DA:1658,1
DA:1660,1
DA:1664,1
DA:1666,1
DA:1670,0
DA:1672,0
DA:1676,0
DA:1678,0
DA:1682,0
DA:1684,0
DA:1688,1
DA:1690,1
DA:1694,0
DA:1696,0
DA:1700,0
DA:1702,0
DA:1706,1
DA:1708,1
DA:1712,1
DA:1714,1
DA:1718,0
DA:1720,0
DA:1724,1
DA:1726,1
DA:1730,1
DA:1732,1
DA:1736,1
DA:1738,1
DA:1742,1
DA:1744,1
DA:1748,1
DA:1750,1
DA:1754,0
DA:1756,0
DA:1760,1
DA:1762,1
DA:1766,1
DA:1768,1
DA:1772,1
DA:1774,1
DA:1778,1
DA:1780,1
DA:1784,1
DA:1786,1
DA:1790,0
DA:1792,0
DA:1796,1
DA:1798,1
DA:1802,0
DA:1804,0
DA:1808,1
DA:1810,1
DA:1814,0
DA:1816,0
DA:1829,0
DA:1831,0
DA:1834,0
DA:1837,0
DA:1840,0
DA:1843,0
DA:1846,0
DA:1849,0
DA:1852,0
DA:1855,0
DA:1858,0
DA:1861,0
DA:1864,0
DA:1867,0
DA:1870,0
DA:1873,0
DA:1876,0
DA:1879,0
DA:1882,0
DA:1885,0
DA:1888,0
DA:1891,0
DA:1894,0
DA:1897,0
DA:1900,0
DA:1903,0
DA:1906,0
DA:1909,0
DA:1912,0
DA:1915,0
DA:1918,0
DA:1921,0
DA:1924,0
DA:1927,0
DA:1930,0
DA:1933,0
DA:1936,0
DA:1939,0
DA:1942,0
DA:1945,0
DA:1948,0
DA:1951,0
DA:1954,0
DA:1957,0
DA:1960,0
DA:1963,0
DA:1966,0
DA:1969,0
DA:1972,0
DA:1975,0
DA:1978,0
DA:1981,0
DA:1984,0
DA:1987,0
DA:1990,0
DA:1993,0
DA:1996,0
DA:1999,0
DA:2002,0
DA:2005,0
DA:2008,0
DA:2011,0
DA:2014,0
DA:2017,0
DA:2020,0
DA:2023,0
DA:2027,0
DA:2030,0
DA:2034,0
DA:2037,0
DA:2040,0
DA:2044,0
DA:2047,0
DA:2050,0
DA:2053,0
DA:2056,0
DA:2059,0
DA:2062,0
DA:2065,0
DA:2068,0
DA:2071,0
DA:2074,0
DA:2077,0
DA:2080,0
DA:2083,0
DA:2086,0
DA:2089,0
DA:2092,0
DA:2095,0
DA:2098,0
DA:2103,0
DA:2106,0
DA:2109,0
DA:2112,0
DA:2115,0
DA:2118,0
DA:2121,0
DA:2124,0
DA:2127,0
DA:2130,0
DA:2133,0
DA:2136,0
DA:2139,0
DA:2142,0
DA:2145,0
DA:2148,0
DA:2151,0
DA:2154,0
DA:2157,0
DA:2160,0
DA:2163,0
DA:2166,0
DA:2169,0
DA:2172,0
DA:2175,0
DA:2178,0
DA:2181,0
DA:2184,0
DA:2187,0
DA:2190,0
DA:2195,0
DA:2198,0
DA:2201,0
DA:2204,0
DA:2207,0
DA:2210,0
DA:2213,0
DA:2216,0
DA:2220,0
DA:2225,0
DA:2230,0
DA:2235,0
DA:2238,0
DA:2242,0
DA:2245,0
DA:2248,0
DA:2251,0
DA:2254,0
DA:2257,0
DA:2260,0
DA:2263,0
DA:2266,0
DA:2269,0
DA:2272,0
DA:2275,0
DA:2278,0
DA:2281,0
DA:2284,0
DA:2287,0
DA:2290,0
DA:2293,0
DA:2296,0
DA:2299,0
DA:2302,0
DA:2305,0
DA:2308,0
DA:2311,0
DA:2314,0
DA:2317,0
DA:2320,0
DA:2323,0
DA:2326,0
DA:2329,0
DA:2332,0
DA:2335,0
DA:2338,0
DA:2342,0
DA:2345,0
DA:2348,0
DA:2351,0
DA:2354,0
DA:2367,1
DA:2369,0
DA:2370,0
DA:2372,0
DA:2373,0
DA:2375,0
DA:2376,0
DA:2378,0
DA:2379,0
DA:2381,0
DA:2382,0
DA:2384,0
DA:2385,0
DA:2387,0
DA:2388,0
DA:2390,0
DA:2391,0
DA:2393,0
DA:2395,0
DA:2397,0
DA:2398,0
DA:2400,0
DA:2401,0
DA:2403,0
DA:2404,0
DA:2406,0
DA:2407,0
DA:2409,0
DA:2410,0
DA:2412,0
DA:2413,0
DA:2415,0
DA:2416,0
DA:2418,0
DA:2419,0
DA:2421,0
DA:2422,0
DA:2424,0
DA:2425,0
DA:2427,0
DA:2428,0
DA:2430,0
DA:2431,0
DA:2433,0
DA:2434,0
DA:2436,0
DA:2437,0
DA:2439,0
DA:2440,0
DA:2442,0
DA:2443,0
DA:2445,0
DA:2446,0
DA:2448,0
DA:2449,0
DA:2451,0
DA:2452,0
DA:2454,0
DA:2455,0
DA:2457,0
DA:2459,0
DA:2461,0
DA:2462,0
DA:2464,0
DA:2465,0
DA:2467,0
DA:2468,0
DA:2470,0
DA:2471,0
DA:2473,0
DA:2474,0
DA:2476,0
DA:2477,0
DA:2479,0
DA:2480,0
DA:2482,0
DA:2483,0
DA:2485,0
DA:2486,0
DA:2488,0
DA:2489,0
DA:2491,0
DA:2492,0
DA:2494,0
DA:2495,0
DA:2497,0
DA:2498,0
DA:2500,0
DA:2501,0
DA:2503,0
DA:2504,0
DA:2506,0
DA:2507,0
DA:2509,0
DA:2510,0
DA:2512,0
DA:2513,0
DA:2515,0
DA:2516,0
DA:2518,0
DA:2519,0
DA:2521,0
DA:2522,0
DA:2524,0
DA:2526,0
DA:2528,0
DA:2529,0
DA:2531,0
DA:2532,0
DA:2534,0
DA:2536,0
DA:2538,0
DA:2540,0
DA:2542,0
DA:2543,0
DA:2545,0
DA:2546,0
DA:2548,0
DA:2549,0
DA:2551,0
DA:2553,0
DA:2555,0
DA:2556,0
DA:2558,0
DA:2559,0
DA:2561,0
DA:2562,0
DA:2564,0
DA:2565,0
DA:2567,0
DA:2569,0
DA:2571,0
DA:2572,0
DA:2574,0
DA:2576,0
DA:2578,0
DA:2579,0
DA:2581,0
DA:2582,0
DA:2584,0
DA:2586,0
DA:2588,0
DA:2589,0
DA:2591,0
DA:2592,0
DA:2594,0
DA:2595,0
DA:2597,0
DA:2598,0
DA:2600,0
DA:2601,0
DA:2603,0
DA:2604,0
DA:2606,0
DA:2607,0
DA:2609,0
DA:2610,0
DA:2612,0
DA:2613,0
DA:2615,0
DA:2616,0
DA:2618,0
DA:2619,0
DA:2621,0
DA:2623,0
DA:2625,0
DA:2626,0
DA:2628,0
DA:2629,0
DA:2631,0
DA:2632,0
DA:2634,0
DA:2635,0
DA:2637,0
DA:2638,0
DA:2640,0
DA:2641,0
DA:2643,0
DA:2645,0
DA:2648,0
DA:2649,0
DA:2651,0
DA:2652,0
DA:2654,0
DA:2655,0
DA:2657,0
DA:2658,0
DA:2660,0
DA:2661,0
DA:2663,0
DA:2664,0
DA:2666,0
DA:2667,0
DA:2669,0
DA:2670,0
DA:2672,0
DA:2673,0
DA:2675,0
DA:2676,0
DA:2678,0
DA:2679,0
DA:2681,0
DA:2682,0
DA:2684,0
DA:2685,0
DA:2687,0
DA:2688,0
DA:2690,0
DA:2691,0
DA:2693,0
DA:2694,0
DA:2696,0
DA:2697,0
DA:2699,0
DA:2700,0
DA:2702,0
DA:2703,0
DA:2705,0
DA:2706,0
DA:2708,0
DA:2709,0
DA:2711,0
DA:2712,0
DA:2714,0
DA:2715,0
DA:2717,0
DA:2718,0
DA:2720,0
DA:2721,0
DA:2723,0
DA:2724,0
DA:2726,0
DA:2727,0
DA:2729,0
DA:2730,0
DA:2732,0
DA:2734,0
DA:2736,0
DA:2739,0
DA:2741,0
DA:2742,0
DA:2744,0
DA:2745,0
DA:2747,0
DA:2748,0
DA:2750,0
DA:2751,0
DA:2753,0
DA:2754,0
DA:2756,0
DA:2757,0
DA:2759,0
DA:2760,0
DA:2762,0
DA:2764,0
DA:2766,0
DA:2769,0
DA:2771,0
DA:2774,0
DA:2776,0
DA:2779,0
DA:2781,0
DA:2782,0
DA:2784,0
DA:2786,0
DA:2788,0
DA:2790,0
DA:2792,0
DA:2793,0
DA:2795,0
DA:2796,0
DA:2798,0
DA:2799,0
DA:2801,0
DA:2802,0
DA:2804,0
DA:2805,0
DA:2807,0
DA:2808,0
DA:2810,0
DA:2811,0
DA:2813,0
DA:2814,0
DA:2816,0
DA:2817,0
DA:2819,0
DA:2820,0
DA:2822,0
DA:2823,0
DA:2825,0
DA:2827,0
DA:2829,0
DA:2830,0
DA:2832,0
DA:2833,0
DA:2835,0
DA:2836,0
DA:2838,0
DA:2839,0
DA:2841,0
DA:2842,0
DA:2844,0
DA:2845,0
DA:2847,0
DA:2848,0
DA:2850,0
DA:2851,0
DA:2853,0
DA:2854,0
DA:2856,0
DA:2857,0
DA:2859,0
DA:2860,0
DA:2862,0
DA:2864,0
DA:2866,0
DA:2867,0
DA:2869,0
DA:2870,0
DA:2872,0
DA:2873,0
DA:2875,0
DA:2876,0
DA:2878,0
DA:2879,0
DA:2881,0
DA:2882,0
DA:2884,0
DA:2885,0
DA:2887,0
DA:2889,0
DA:2891,0
DA:2892,0
DA:2894,0
DA:2895,0
DA:2897,0
DA:2898,0
DA:2900,0
DA:2901,0
DA:2903,0
DA:2904,0
DA:2906,0
DA:2907,0
DA:2908,0
DA:2909,0
DA:2911,0
DA:2927,0
DA:2928,0
DA:2930,0
DA:2932,0
DA:2933,0
DA:2934,0
DA:2938,0
DA:2940,0
DA:2941,0
DA:2942,0
DA:2946,0
DA:2948,0
DA:2949,0
DA:2950,0
DA:2954,0
DA:2956,0
DA:2957,0
DA:2958,0
DA:2962,0
DA:2964,0
DA:2965,0
DA:2966,0
DA:2970,0
DA:2972,0
DA:2973,0
DA:2974,0
DA:2978,0
DA:2980,0
DA:2981,0
DA:2982,0
DA:2986,0
DA:2988,0
DA:2989,0
DA:2990,0
DA:2994,0
DA:2996,0
DA:2997,0
DA:2998,0
DA:3002,0
DA:3004,0
DA:3005,0
DA:3006,0
DA:3010,0
DA:3012,0
DA:3013,0
DA:3014,0
DA:3018,0
DA:3020,0
DA:3021,0
DA:3022,0
DA:3026,0
DA:3028,0
DA:3029,0
DA:3030,0
DA:3034,0
DA:3036,0
DA:3037,0
DA:3038,0
DA:3042,0
DA:3044,0
DA:3045,0
DA:3046,0
DA:3050,0
DA:3052,0
DA:3053,0
DA:3054,0
DA:3058,0
DA:3060,0
DA:3061,0
DA:3062,0
DA:3066,0
DA:3068,0
DA:3069,0
DA:3070,0
DA:3074,0
DA:3076,0
DA:3077,0
DA:3078,0
DA:3082,0
DA:3084,0
DA:3085,0
DA:3086,0
DA:3090,0
DA:3092,0
DA:3093,0
DA:3094,0
DA:3098,0
DA:3100,0
DA:3101,0
DA:3102,0
DA:3106,0
DA:3108,0
DA:3109,0
DA:3110,0
DA:3114,0
DA:3116,0
DA:3117,0
DA:3118,0
DA:3122,0
DA:3124,0
DA:3125,0
DA:3126,0
DA:3130,0
DA:3132,0
DA:3133,0
DA:3134,0
DA:3138,0
DA:3140,0
DA:3141,0
DA:3142,0
DA:3146,0
DA:3148,0
DA:3149,0
DA:3150,0
DA:3154,0
DA:3156,0
DA:3157,0
DA:3158,0
DA:3162,0
DA:3164,0
DA:3165,0
DA:3166,0
DA:3170,0
DA:3172,0
DA:3173,0
DA:3174,0
DA:3178,0
DA:3180,0
DA:3181,0
DA:3182,0
DA:3186,0
DA:3188,0
DA:3189,0
DA:3190,0
DA:3194,0
DA:3196,0
DA:3197,0
DA:3198,0
DA:3202,0
DA:3204,0
DA:3205,0
DA:3206,0
DA:3210,0
DA:3212,0
DA:3213,0
DA:3214,0
DA:3218,0
DA:3220,0
DA:3221,0
DA:3222,0
DA:3226,0
DA:3228,0
DA:3229,0
DA:3230,0
DA:3234,0
DA:3236,0
DA:3237,0
DA:3238,0
DA:3242,0
DA:3244,0
DA:3245,0
DA:3246,0
DA:3250,0
DA:3252,0
DA:3253,0
DA:3254,0
DA:3258,0
DA:3260,0
DA:3261,0
DA:3262,0
DA:3266,0
DA:3268,0
DA:3269,0
DA:3270,0
DA:3274,0
DA:3276,0
DA:3277,0
DA:3278,0
DA:3282,0
DA:3284,0
DA:3285,0
DA:3286,0
DA:3290,0
DA:3292,0
DA:3293,0
DA:3294,0
DA:3298,0
DA:3300,0
DA:3301,0
DA:3302,0
DA:3306,0
DA:3308,0
DA:3309,0
DA:3310,0
DA:3314,0
DA:3316,0
DA:3317,0
DA:3318,0
DA:3322,0
DA:3324,0
DA:3325,0
DA:3326,0
DA:3330,0
DA:3332,0
DA:3333,0
DA:3334,0
DA:3338,0
DA:3340,0
DA:3341,0
DA:3342,0
DA:3346,0
DA:3348,0
DA:3349,0
DA:3350,0
DA:3354,0
DA:3356,0
DA:3357,0
DA:3358,0
DA:3362,0
DA:3364,0
DA:3365,0
DA:3366,0
DA:3370,0
DA:3372,0
DA:3373,0
DA:3374,0
DA:3378,0
DA:3380,0
DA:3381,0
DA:3382,0
DA:3386,0
DA:3388,0
DA:3389,0
DA:3390,0
DA:3394,0
DA:3396,0
DA:3397,0
DA:3398,0
DA:3402,0
DA:3404,0
DA:3405,0
DA:3406,0
DA:3410,0
DA:3412,0
DA:3413,0
DA:3414,0
DA:3418,0
DA:3420,0
DA:3421,0
DA:3422,0
DA:3426,0
DA:3428,0
DA:3429,0
DA:3430,0
DA:3434,0
DA:3436,0
DA:3437,0
DA:3438,0
DA:3442,0
DA:3444,0
DA:3445,0
DA:3446,0
DA:3450,0
DA:3452,0
DA:3453,0
DA:3454,0
DA:3458,0
DA:3460,0
DA:3461,0
DA:3462,0
DA:3466,0
DA:3468,0
DA:3469,0
DA:3470,0
DA:3474,0
DA:3476,0
DA:3477,0
DA:3478,0
DA:3482,0
DA:3484,0
DA:3485,0
DA:3486,0
DA:3490,0
DA:3492,0
DA:3493,0
DA:3494,0
DA:3498,0
DA:3500,0
DA:3501,0
DA:3502,0
DA:3506,0
DA:3508,0
DA:3509,0
DA:3510,0
DA:3514,0
DA:3516,0
DA:3517,0
DA:3518,0
DA:3522,0
DA:3524,0
DA:3525,0
DA:3526,0
DA:3530,0
DA:3532,0
DA:3533,0
DA:3534,0
DA:3538,0
DA:3540,0
DA:3541,0
DA:3542,0
DA:3546,0
DA:3548,0
DA:3549,0
DA:3550,0
DA:3554,0
DA:3556,0
DA:3557,0
DA:3558,0
DA:3562,0
DA:3564,0
DA:3565,0
DA:3566,0
DA:3570,0
DA:3572,0
DA:3573,0
DA:3574,0
DA:3578,0
DA:3580,0
DA:3581,0
DA:3582,0
DA:3586,0
DA:3588,0
DA:3589,0
DA:3590,0
DA:3594,0
DA:3596,0
DA:3597,0
DA:3598,0
DA:3602,0
DA:3604,0
DA:3605,0
DA:3606,0
DA:3610,0
DA:3612,0
DA:3613,0
DA:3614,0
DA:3618,0
DA:3620,0
DA:3621,0
DA:3622,0
DA:3626,0
DA:3628,0
DA:3629,0
DA:3630,0
DA:3634,0
DA:3636,0
DA:3637,0
DA:3638,0
DA:3642,0
DA:3644,0
DA:3645,0
DA:3646,0
DA:3650,0
DA:3652,0
DA:3653,0
DA:3654,0
DA:3658,0
DA:3660,0
DA:3661,0
DA:3662,0
DA:3666,0
DA:3668,0
DA:3669,0
DA:3670,0
DA:3674,0
DA:3676,0
DA:3677,0
DA:3678,0
DA:3682,0
DA:3684,0
DA:3685,0
DA:3686,0
DA:3690,0
DA:3692,0
DA:3693,0
DA:3694,0
DA:3698,0
DA:3700,0
DA:3701,0
DA:3702,0
DA:3706,0
DA:3708,0
DA:3709,0
DA:3710,0
DA:3714,0
DA:3716,0
DA:3717,0
DA:3718,0
DA:3722,0
DA:3724,0
DA:3725,0
DA:3726,0
DA:3730,0
DA:3732,0
DA:3733,0
DA:3734,0
DA:3738,0
DA:3740,0
DA:3741,0
DA:3742,0
DA:3746,0
DA:3748,0
DA:3749,0
DA:3750,0
DA:3754,0
DA:3756,0
DA:3757,0
DA:3758,0
DA:3762,0
DA:3764,0
DA:3765,0
DA:3766,0
DA:3770,0
DA:3772,0
DA:3773,0
DA:3774,0
DA:3778,0
DA:3780,0
DA:3781,0
DA:3782,0
DA:3786,0
DA:3788,0
DA:3789,0
DA:3790,0
DA:3794,0
DA:3796,0
DA:3797,0
DA:3798,0
DA:3802,0
DA:3804,0
DA:3805,0
DA:3806,0
DA:3810,0
DA:3812,0
DA:3813,0
DA:3814,0
DA:3818,0
DA:3820,0
DA:3821,0
DA:3822,0
DA:3826,0
DA:3828,0
DA:3829,0
DA:3830,0
DA:3834,0
DA:3836,0
DA:3837,0
DA:3838,0
DA:3842,0
DA:3844,0
DA:3845,0
DA:3846,0
DA:3850,0
DA:3852,0
DA:3853,0
DA:3854,0
DA:3858,0
DA:3860,0
DA:3861,0
DA:3862,0
DA:3866,0
DA:3868,0
DA:3869,0
DA:3870,0
DA:3874,0
DA:3877,0
DA:3878,0
DA:3879,0
DA:3883,0
DA:3885,0
DA:3886,0
DA:3887,0
DA:3891,0
DA:3893,0
DA:3894,0
DA:3895,0
DA:3899,0
DA:3901,0
DA:3902,0
DA:3903,0
DA:3907,0
DA:3909,0
DA:3910,0
DA:3911,0
DA:3915,0
DA:3917,0
DA:3918,0
DA:3919,0
DA:3923,0
DA:3925,0
DA:3926,0
DA:3927,0
DA:3931,0
DA:3933,0
DA:3934,0
DA:3935,0
DA:3939,0
DA:3941,0
DA:3942,0
DA:3943,0
DA:3947,0
DA:3950,0
DA:3951,0
DA:3952,0
DA:3956,0
DA:3959,0
DA:3960,0
DA:3961,0
DA:3965,0
DA:3968,0
DA:3969,0
DA:3970,0
DA:3974,0
DA:3976,0
DA:3977,0
DA:3978,0
DA:3982,0
DA:3984,0
DA:3985,0
DA:3986,0
DA:3990,0
DA:3992,0
DA:3993,0
DA:3994,0
DA:3998,0
DA:4000,0
DA:4001,0
DA:4002,0
DA:4006,0
DA:4008,0
DA:4009,0
DA:4010,0
DA:4014,0
DA:4016,0
DA:4017,0
DA:4018,0
DA:4022,0
DA:4024,0
DA:4025,0
DA:4026,0
DA:4030,0
DA:4032,0
DA:4033,0
DA:4034,0
DA:4038,0
DA:4040,0
DA:4041,0
DA:4042,0
DA:4046,0
DA:4048,0
DA:4049,0
DA:4050,0
DA:4054,0
DA:4056,0
DA:4057,0
DA:4058,0
DA:4062,0
DA:4064,0
DA:4065,0
DA:4066,0
DA:4070,0
DA:4072,0
DA:4073,0
DA:4074,0
DA:4078,0
DA:4080,0
DA:4081,0
DA:4082,0
DA:4086,0
DA:4088,0
DA:4089,0
DA:4090,0
DA:4094,0
DA:4096,0
DA:4097,0
DA:4098,0
DA:4102,0
DA:4104,0
DA:4105,0
DA:4106,0
DA:4110,0
DA:4112,0
DA:4113,0
DA:4114,0
DA:4118,0
DA:4120,0
DA:4121,0
DA:4122,0
DA:4126,0
DA:4128,0
DA:4129,0
DA:4130,0
DA:4134,0
DA:4136,0
DA:4137,0
DA:4138,0
DA:4142,0
DA:4144,0
DA:4145,0
DA:4146,0
DA:4150,0
DA:4152,0
DA:4153,0
DA:4154,0
DA:4158,0
DA:4160,0
DA:4161,0
DA:4162,0
DA:4166,0
DA:4168,0
DA:4169,0
DA:4170,0
DA:4174,0
DA:4176,0
DA:4177,0
DA:4178,0
DA:4182,0
DA:4184,0
DA:4185,0
DA:4186,0
DA:4190,0
DA:4192,0
DA:4193,0
DA:4194,0
DA:4198,0
DA:4200,0
DA:4201,0
DA:4202,0
DA:4206,0
DA:4208,0
DA:4209,0
DA:4210,0
DA:4214,0
DA:4216,0
DA:4217,0
DA:4218,0
DA:4222,0
DA:4224,0
DA:4225,0
DA:4226,0
DA:4230,0
DA:4232,0
DA:4233,0
DA:4234,0
DA:4238,0
DA:4240,0
DA:4241,0
DA:4242,0
DA:4246,0
DA:4248,0
DA:4249,0
DA:4250,0
DA:4254,0
DA:4256,0
DA:4257,0
DA:4258,0
DA:4262,0
DA:4264,0
DA:4265,0
DA:4266,0
DA:4270,0
DA:4272,0
DA:4273,0
DA:4274,0
DA:4278,0
DA:4280,0
DA:4281,0
DA:4282,0
DA:4286,0
DA:4288,0
DA:4289,0
DA:4290,0
DA:4308,1
DA:4310,1
DA:4311,1
DA:4313,1
DA:4314,1
DA:4316,1
DA:4317,1
DA:4319,0
DA:4320,0
DA:4322,1
DA:4323,1
DA:4325,0
DA:4326,0
DA:4328,0
DA:4330,0
DA:4332,0
DA:4333,0
DA:4335,0
DA:4337,0
DA:4339,0
DA:4340,0
DA:4342,1
DA:4343,1
DA:4345,0
DA:4346,0
DA:4348,0
DA:4349,0
DA:4351,1
DA:4352,1
DA:4354,0
DA:4355,0
DA:4357,0
DA:4358,0
DA:4360,0
DA:4361,0
DA:4363,0
DA:4364,0
DA:4366,0
DA:4367,0
DA:4369,0
DA:4370,0
DA:4372,0
DA:4373,0
DA:4375,0
DA:4376,0
DA:4378,0
DA:4379,0
DA:4381,0
DA:4382,0
DA:4384,0
DA:4385,0
DA:4387,0
DA:4388,0
DA:4390,0
DA:4391,0
DA:4393,0
DA:4394,0
DA:4396,0
DA:4398,0
DA:4400,1
DA:4402,1
DA:4404,1
DA:4405,1
DA:4407,0
DA:4408,0
DA:4410,0
DA:4411,0
DA:4413,0
DA:4414,0
DA:4416,0
DA:4417,0
DA:4419,0
DA:4421,0
DA:4423,0
DA:4425,0
DA:4427,0
DA:4428,0
DA:4430,0
DA:4431,0
DA:4433,1
DA:4434,1
DA:4436,0
DA:4437,0
DA:4439,0
DA:4440,0
DA:4442,0
DA:4443,0
DA:4445,0
DA:4447,0
DA:4449,0
DA:4450,0
DA:4452,0
DA:4453,0
DA:4455,1
DA:4457,1
DA:4459,0
DA:4460,0
DA:4462,0
DA:4463,0
DA:4465,0
DA:4466,0
DA:4468,0
DA:4469,0
DA:4471,0
DA:4473,0
DA:4475,0
DA:4476,0
DA:4478,0
DA:4479,0
DA:4481,0
DA:4483,0
DA:4485,0
DA:4487,0
DA:4489,0
DA:4491,0
DA:4493,0
DA:4494,0
DA:4496,1
DA:4497,1
DA:4499,0
DA:4501,0
DA:4503,0
DA:4505,0
DA:4507,0
DA:4508,0
DA:4510,0
DA:4511,0
DA:4513,0
DA:4514,0
DA:4516,0
DA:4518,0
DA:4520,1
DA:4521,1
DA:4523,0
DA:4525,0
DA:4527,0
DA:4528,0
DA:4530,0
DA:4531,0
DA:4533,0
DA:4535,0
DA:4537,0
DA:4538,0
DA:4540,0
DA:4541,0
DA:4543,0
DA:4544,0
DA:4546,0
DA:4547,0
DA:4549,0
DA:4550,0
DA:4552,0
DA:4553,0
DA:4555,0
DA:4556,0
DA:4558,0
DA:4559,0
DA:4561,0
DA:4562,0
DA:4564,0
DA:4565,0
DA:4567,0
DA:4568,0
DA:4570,1
DA:4572,1
DA:4574,1
DA:4575,1
DA:4577,0
DA:4579,0
DA:4581,0
DA:4582,0
DA:4584,1
DA:4585,1
DA:4587,1
DA:4588,1
DA:4590,0
DA:4591,0
DA:4593,0
DA:4595,0
DA:4598,0
DA:4599,0
DA:4601,0
DA:4602,0
DA:4604,1
DA:4605,1
DA:4607,0
DA:4608,0
DA:4610,0
DA:4611,0
DA:4613,0
DA:4614,0
DA:4616,1
DA:4617,1
DA:4619,0
DA:4620,0
DA:4622,0
DA:4623,0
DA:4625,0
DA:4626,0
DA:4628,0
DA:4629,0
DA:4631,0
DA:4632,0
DA:4634,1
DA:4635,1
DA:4637,0
DA:4638,0
DA:4640,0
DA:4641,0
DA:4643,0
DA:4644,0
DA:4646,1
DA:4647,1
DA:4651,0
DA:4652,0
DA:4654,0
DA:4655,0
DA:4657,1
DA:4658,1
DA:4660,0
DA:4661,0
DA:4663,0
DA:4664,0
DA:4666,0
DA:4668,0
DA:4670,0
DA:4671,0
DA:4673,0
DA:4674,0
DA:4676,0
DA:4677,0
DA:4679,0
DA:4680,0
DA:4682,0
DA:4683,0
DA:4685,0
DA:4686,0
DA:4688,0
DA:4690,0
DA:4692,0
DA:4695,0
DA:4697,0
DA:4698,0
DA:4700,0
DA:4701,0
DA:4703,1
DA:4704,1
DA:4706,0
DA:4707,0
DA:4709,0
DA:4710,0
DA:4712,0
DA:4713,0
DA:4715,0
DA:4716,0
DA:4718,0
DA:4720,0
DA:4722,0
DA:4725,0
DA:4727,0
DA:4730,0
DA:4732,1
DA:4735,1
DA:4737,0
DA:4738,0
DA:4740,0
DA:4742,0
DA:4744,0
DA:4746,0
DA:4748,0
DA:4749,0
DA:4751,0
DA:4752,0
DA:4754,0
DA:4755,0
DA:4757,0
DA:4758,0
DA:4760,1
DA:4761,1
DA:4763,0
DA:4764,0
DA:4766,1
DA:4767,1
DA:4769,0
DA:4770,0
DA:4772,1
DA:4773,1
DA:4775,0
DA:4776,0
DA:4778,0
DA:4779,0
DA:4781,1
DA:4783,1
DA:4785,0
DA:4786,0
DA:4788,0
DA:4789,0
DA:4791,0
DA:4792,0
DA:4794,0
DA:4795,0
DA:4797,0
DA:4798,0
DA:4800,0
DA:4801,0
DA:4803,0
DA:4804,0
DA:4806,0
DA:4807,0
DA:4809,0
DA:4810,0
DA:4812,0
DA:4813,0
DA:4815,0
DA:4816,0
DA:4818,0
DA:4820,0
DA:4822,0
DA:4823,0
DA:4825,1
DA:4826,1
DA:4828,0
DA:4829,0
DA:4831,0
DA:4832,0
DA:4834,0
DA:4835,0
DA:4837,0
DA:4838,0
DA:4840,0
DA:4842,0
DA:4844,0
DA:4846,0
DA:4848,0
DA:4849,0
DA:4851,0
DA:4852,0
DA:4854,0
DA:4855,0
DA:4857,0
DA:4858,0
DA:4860,0
DA:4861,0
DA:4871,0
DA:4873,0
DA:4875,0
LF:2282
LH:544
end_of_record
SF:/Users/scheglov/Source/Dart/sdk.git/sdk/pkg/analyzer/lib/src/dart/ast/ast.dart
DA:60,1
DA:63,2
DA:66,0
DA:67,0
DA:69,0
DA:70,0
DA:72,1
DA:73,1
DA:75,0
DA:77,0
DA:80,1
DA:81,1
DA:83,1
DA:85,1
DA:88,1
DA:90,2
DA:93,0
DA:95,0
DA:96,0
DA:97,0
DA:133,1
DA:137,2
DA:138,2
DA:141,1
DA:143,1
DA:144,2
DA:145,1
DA:147,2
DA:148,2
DA:149,2
DA:151,2
DA:152,2
DA:153,3
DA:159,1
DA:160,1
DA:162,0
DA:163,0
DA:166,1
DA:167,1
DA:169,0
DA:171,0
DA:172,0
DA:173,0
DA:174,0
DA:175,0
DA:178,0
DA:180,0
DA:181,0
DA:182,0
DA:185,1
DA:187,1
DA:188,2
DA:189,2
DA:191,0
DA:192,0
DA:193,0
DA:194,0
DA:202,1
DA:203,3
DA:206,2
DA:207,4
DA:317,1
DA:328,2
DA:329,2
DA:330,2
DA:331,2
DA:334,1
DA:335,1
DA:337,0
DA:338,0
DA:341,1
DA:342,1
DA:344,1
DA:345,1
DA:347,0
DA:348,0
DA:351,1
DA:353,1
DA:355,1
DA:356,2
DA:361,1
DA:362,1
DA:365,1
DA:367,1
DA:368,1
DA:369,1
DA:370,0
DA:372,2
DA:375,1
DA:376,1
DA:378,0
DA:379,0
DA:382,0
DA:383,0
DA:385,1
DA:386,1
DA:390,0
DA:391,0
DA:394,1
DA:396,1
DA:397,2
DA:398,2
DA:399,2
DA:400,2
DA:401,2
DA:402,2
DA:405,1
DA:406,1
DA:408,1
DA:410,2
DA:411,1
DA:412,2
DA:413,2
DA:471,1
DA:476,2
DA:479,1
DA:480,1
DA:482,0
DA:483,0
DA:485,0
DA:486,0
DA:488,1
DA:489,4
DA:490,0
DA:491,0
DA:493,1
DA:496,1
DA:497,1
DA:499,1
DA:501,1
DA:502,2
DA:503,2
DA:504,2
DA:506,1
DA:507,1
DA:509,1
DA:511,2
DA:523,1
DA:524,1
DA:525,5
DA:531,2
DA:532,1
DA:536,2
DA:571,1
DA:577,2
DA:578,2
DA:581,0
DA:582,0
DA:584,0
DA:585,0
DA:587,0
DA:588,0
DA:590,0
DA:591,0
DA:594,0
DA:597,0
DA:598,0
DA:600,0
DA:601,0
DA:604,0
DA:605,0
DA:606,0
DA:607,0
DA:608,0
DA:610,1
DA:611,1
DA:613,0
DA:615,0
DA:618,1
DA:620,2
DA:621,2
DA:658,1
DA:667,2
DA:668,2
DA:671,1
DA:672,1
DA:674,1
DA:675,1
DA:677,0
DA:678,0
DA:681,1
DA:682,1
DA:684,1
DA:685,1
DA:687,0
DA:688,0
DA:691,0
DA:692,0
DA:693,0
DA:694,0
DA:695,0
DA:696,0
DA:697,0
DA:698,0
DA:700,1
DA:701,1
DA:703,1
DA:705,2
DA:706,1
DA:771,0
DA:781,0
DA:782,0
DA:785,0
DA:786,0
DA:788,0
DA:789,0
DA:791,0
DA:792,0
DA:795,0
DA:796,0
DA:798,0
DA:799,0
DA:801,0
DA:802,0
DA:805,0
DA:806,0
DA:807,0
DA:808,0
DA:809,0
DA:810,0
DA:811,0
DA:812,0
DA:813,0
DA:815,0
DA:816,0
DA:818,0
DA:820,0
DA:821,0
DA:844,1
DA:848,0
DA:849,0
DA:851,0
DA:852,0
DA:854,0
DA:857,0
DA:858,0
DA:860,1
DA:862,1
DA:865,0
DA:867,0
DA:868,0
DA:869,0
DA:871,0
DA:874,0
DA:879,0
DA:885,1
DA:933,1
DA:939,2
DA:940,2
DA:943,0
DA:944,0
DA:946,0
DA:947,0
DA:949,1
DA:950,1
DA:952,0
DA:953,0
DA:956,0
DA:959,1
DA:960,1
DA:962,0
DA:963,0
DA:966,0
DA:967,0
DA:968,0
DA:969,0
DA:970,0
DA:972,0
DA:973,0
DA:979,0
DA:981,0
DA:982,0
DA:984,0
DA:987,0
DA:988,0
DA:989,0
DA:992,0
DA:993,0
DA:995,0
DA:1001,1
DA:1003,1
DA:1005,0
DA:1007,0
DA:1010,1
DA:1012,2
DA:1013,2
DA:1016,0
DA:1018,0
DA:1029,2
DA:1030,4
DA:1129,0
DA:1131,0
DA:1133,1
DA:1134,3
DA:1136,0
DA:1139,1
DA:1141,1
DA:1142,1
DA:1143,5
DA:1149,3
DA:1151,1
DA:1153,1
DA:1154,1
DA:1157,1
DA:1158,1
DA:1160,0
DA:1163,0
DA:1166,0
DA:1171,0
DA:1173,1
DA:1174,1
DA:1177,0
DA:1179,0
DA:1181,1
DA:1183,2
DA:1186,1
DA:1189,0
DA:1191,0
DA:1192,0
DA:1193,0
DA:1197,3
DA:1201,0
DA:1206,0
DA:1207,0
DA:1212,1
DA:1215,1
DA:1216,1
DA:1221,1
DA:1223,1
DA:1224,2
DA:1225,1
DA:1228,1
DA:1229,1
DA:1233,1
DA:1234,1
DA:1629,1
DA:1637,2
DA:1640,1
DA:1642,1
DA:1645,1
DA:1646,1
DA:1648,1
DA:1649,1
DA:1651,0
DA:1652,0
DA:1653,0
DA:1654,0
DA:1655,0
DA:1656,0
DA:1658,1
DA:1660,1
DA:1690,1
DA:1694,2
DA:1697,0
DA:1699,0
DA:1702,0
DA:1703,0
DA:1705,0
DA:1706,0
DA:1708,0
DA:1709,0
DA:1712,0
DA:1715,0
DA:1716,0
DA:1717,0
DA:1718,0
DA:1720,1
DA:1721,1
DA:1723,0
DA:1725,0
DA:1728,1
DA:1730,2
DA:1780,1
DA:1786,1
DA:1787,1
DA:1790,1
DA:1791,2
DA:1793,1
DA:1794,2
DA:1796,1
DA:1797,1
DA:1799,0
DA:1800,0
DA:1803,0
DA:1804,0
DA:1806,1
DA:1807,1
DA:1809,0
DA:1810,0
DA:1813,0
DA:1814,0
DA:1815,0
DA:1816,0
DA:1817,0
DA:1819,1
DA:1820,1
DA:1822,1
DA:1824,1
DA:1827,1
DA:1829,2
DA:1830,2
DA:1881,1
DA:1886,2
DA:1889,1
DA:1891,1
DA:1894,2
DA:1897,0
DA:1898,0
DA:1900,0
DA:1901,0
DA:1904,1
DA:1905,2
DA:1907,1
DA:1908,4
DA:1910,1
DA:1911,1
DA:1913,1
DA:1914,4
DA:1916,0
DA:1917,0
DA:1918,0
DA:1919,0
DA:1920,0
DA:1922,1
DA:1923,1
DA:1925,0
DA:1927,0
DA:1929,1
DA:1931,2
DA:1952,1
DA:1957,2
DA:1960,1
DA:1961,1
DA:1963,1
DA:1964,1
DA:1966,1
DA:1967,1
DA:1969,0
DA:1970,0
DA:1971,0
DA:1972,0
DA:1973,0
DA:1975,1
DA:1976,1
DA:1978,1
DA:1980,2
DA:2010,1
DA:2015,1
DA:2016,1
DA:2018,1
DA:2019,1
DA:2021,0
DA:2022,0
DA:2024,0
DA:2026,0
DA:2028,1
DA:2029,1
DA:2031,1
DA:2033,1
DA:2036,1
DA:2096,1
DA:2101,2
DA:2104,0
DA:2105,0
DA:2107,0
DA:2108,0
DA:2110,0
DA:2111,0
DA:2113,0
DA:2114,0
DA:2117,0
DA:2118,0
DA:2119,0
DA:2120,0
DA:2121,0
DA:2123,1
DA:2124,1
DA:2126,1
DA:2128,1
DA:2185,0
DA:2189,0
DA:2190,0
DA:2193,0
DA:2194,0
DA:2196,0
DA:2197,0
DA:2199,0
DA:2200,0
DA:2202,0
DA:2204,0
DA:2207,0
DA:2210,0
DA:2211,0
DA:2213,0
DA:2214,0
DA:2217,0
DA:2218,0
DA:2219,0
DA:2220,0
DA:2222,0
DA:2225,0
DA:2226,0
DA:2228,0
DA:2230,0
DA:2233,0
DA:2235,0
DA:2236,0
DA:2239,0
DA:2241,0
DA:2268,1
DA:2272,2
DA:2275,0
DA:2276,0
DA:2278,0
DA:2279,0
DA:2281,0
DA:2282,0
DA:2283,0
DA:2284,0
DA:2286,1
DA:2287,1
DA:2289,1
DA:2291,2
DA:2324,0
DA:2329,0
DA:2330,0
DA:2333,0
DA:2334,0
DA:2336,0
DA:2337,0
DA:2339,0
DA:2342,0
DA:2343,0
DA:2345,0
DA:2346,0
DA:2347,0
DA:2348,0
DA:2349,0
DA:2351,0
DA:2352,0
DA:2354,0
DA:2356,0
DA:2359,0
DA:2364,0
DA:2365,0
DA:2367,0
DA:2370,0
DA:2374,0
DA:2381,0
DA:2383,0
DA:2384,0
DA:2482,1
DA:2497,2
DA:2498,2
DA:2499,2
DA:2500,2
DA:2503,0
DA:2505,0
DA:2508,0
DA:2511,0
DA:2512,0
DA:2514,0
DA:2515,0
DA:2518,0
DA:2519,0
DA:2521,0
DA:2523,0
DA:2526,0
DA:2527,0
DA:2528,0
DA:2531,0
DA:2532,0
DA:2534,0
DA:2535,0
DA:2538,0
DA:2540,0
DA:2543,0
DA:2544,0
DA:2545,0
DA:2548,0
DA:2549,0
DA:2550,0
DA:2551,0
DA:2552,0
DA:2553,0
DA:2554,0
DA:2555,0
DA:2556,0
DA:2557,0
DA:2558,0
DA:2560,1
DA:2561,1
DA:2563,1
DA:2565,2
DA:2566,1
DA:2567,1
DA:2568,2
DA:2589,0
DA:2593,0
DA:2594,0
DA:2596,0
DA:2597,0
DA:2599,0
DA:2601,0
DA:2603,0
DA:2605,0
DA:2608,0
DA:2617,0
DA:2618,0
DA:2619,0
DA:2620,0
DA:2621,0
DA:2622,0
DA:2623,0
DA:2624,0
DA:2625,0
DA:2626,0
DA:2634,0
DA:2635,0
DA:2639,0
DA:2643,0
DA:2649,0
DA:2650,0
DA:2653,1
DA:2655,2
DA:2656,1
DA:2661,1
DA:2662,2
DA:2663,1
DA:2667,1
DA:2669,2
DA:2670,1
DA:2675,0
DA:2676,0
DA:2677,0
DA:2687,1
DA:2826,1
DA:2848,2
DA:2849,2
DA:2850,2
DA:2851,2
DA:2852,2
DA:2853,2
DA:2856,1
DA:2857,1
DA:2859,1
DA:2861,1
DA:2862,1
DA:2863,1
DA:2864,1
DA:2865,1
DA:2866,1
DA:2867,1
DA:2868,1
DA:2869,1
DA:2872,0
DA:2878,0
DA:2879,0
DA:2880,0
DA:2881,0
DA:2882,0
DA:2883,0
DA:2884,0
DA:2885,0
DA:2886,0
DA:2887,0
DA:2888,0
DA:2889,0
DA:2890,0
DA:2891,0
DA:2892,0
DA:2893,0
DA:2894,0
DA:2895,0
DA:2896,0
DA:2898,1
DA:2899,1
DA:2901,1
DA:2903,1
DA:2904,2
DA:2905,2
DA:2906,2
DA:2907,2
DA:2908,1
DA:2909,2
DA:2924,1
DA:3059,1
DA:3082,2
DA:3083,2
DA:3084,2
DA:3085,2
DA:3088,1
DA:3090,1
DA:3091,1
DA:3092,0
DA:3093,0
DA:3094,0
DA:3095,0
DA:3096,0
DA:3097,0
DA:3098,0
DA:3101,1
DA:3102,1
DA:3104,0
DA:3105,0
DA:3108,1
DA:3109,1
DA:3111,0
DA:3112,0
DA:3115,1
DA:3116,1
DA:3118,0
DA:3119,0
DA:3122,1
DA:3123,1
DA:3125,0
DA:3126,0
DA:3129,0
DA:3130,0
DA:3131,0
DA:3132,0
DA:3133,0
DA:3134,0
DA:3135,0
DA:3136,0
DA:3137,0
DA:3138,0
DA:3139,0
DA:3140,0
DA:3141,0
DA:3142,0
DA:3143,0
DA:3144,0
DA:3145,0
DA:3146,0
DA:3148,1
DA:3149,1
DA:3151,1
DA:3153,1
DA:3154,1
DA:3155,2
DA:3156,2
DA:3157,1
DA:3202,1
DA:3206,1
DA:3207,1
DA:3304,1
DA:3313,2
DA:3316,1
DA:3317,2
DA:3319,0
DA:3320,0
DA:3322,0
DA:3323,0
DA:3325,0
DA:3326,0
DA:3328,0
DA:3329,0
DA:3331,0
DA:3332,0
DA:3334,0
DA:3335,0
DA:3336,0
DA:3337,0
DA:3339,1
DA:3340,1
DA:3342,1
DA:3344,2
DA:3395,1
DA:3399,2
DA:3402,0
DA:3403,0
DA:3405,0
DA:3406,0
DA:3408,0
DA:3409,0
DA:3411,0
DA:3412,0
DA:3415,0
DA:3416,0
DA:3417,0
DA:3418,0
DA:3420,1
DA:3421,1
DA:3423,1
DA:3425,2
DA:3444,1
DA:3446,0
DA:3447,0
DA:3573,1
DA:3583,2
DA:3584,2
DA:3585,2
DA:3588,1
DA:3589,1
DA:3591,1
DA:3592,1
DA:3594,0
DA:3596,0
DA:3597,0
DA:3598,0
DA:3601,0
DA:3603,0
DA:3606,0
DA:3611,1
DA:3613,1
DA:3614,3
DA:3617,1
DA:3620,0
DA:3621,0
DA:3623,0
DA:3624,0
DA:3627,1
DA:3629,1
DA:3630,1
DA:3631,1
DA:3632,2
DA:3635,0
DA:3637,0
DA:3638,0
DA:3639,0
DA:3640,0
DA:3645,1
DA:3646,4
DA:3649,5
DA:3650,2
DA:3651,3
DA:3654,1
DA:3655,1
DA:3657,1
DA:3659,1
DA:3660,1
DA:3661,2
DA:3662,2
DA:3664,1
DA:3665,1
DA:3666,2
DA:3667,1
DA:3668,1
DA:3703,1
DA:3830,1
DA:3839,2
DA:3840,2
DA:3841,2
DA:3844,0
DA:3845,0
DA:3847,0
DA:3848,0
DA:3850,0
DA:3851,0
DA:3854,0
DA:3855,0
DA:3857,0
DA:3858,0
DA:3861,0
DA:3862,0
DA:3864,0
DA:3867,0
DA:3868,0
DA:3870,0
DA:3871,0
DA:3874,0
DA:3875,0
DA:3876,0
DA:3877,0
DA:3878,0
DA:3879,0
DA:3880,0
DA:3882,1
DA:3884,1
DA:3886,0
DA:3888,0
DA:3891,1
DA:3893,2
DA:3894,2
DA:3895,2
DA:3971,0
DA:3982,0
DA:3983,0
DA:3984,0
DA:3987,0
DA:3988,0
DA:3990,0
DA:3991,0
DA:3993,0
DA:3994,0
DA:3996,0
DA:3997,0
DA:4000,0
DA:4001,0
DA:4003,0
DA:4004,0
DA:4007,0
DA:4008,0
DA:4010,0
DA:4011,0
DA:4014,0
DA:4015,0
DA:4016,0
DA:4017,0
DA:4018,0
DA:4019,0
DA:4020,0
DA:4021,0
DA:4022,0
DA:4024,0
DA:4025,0
DA:4027,0
DA:4029,0
DA:4030,0
DA:4031,0
DA:4041,1
DA:4042,2
DA:4045,0
DA:4046,0
DA:4098,0
DA:4102,0
DA:4105,0
DA:4106,0
DA:4108,0
DA:4109,0
DA:4111,0
DA:4112,0
DA:4114,0
DA:4115,0
DA:4118,0
DA:4121,0
DA:4122,0
DA:4123,0
DA:4124,0
DA:4126,0
DA:4127,0
DA:4129,0
DA:4131,0
DA:4134,0
DA:4139,0
DA:4140,0
DA:4143,0
DA:4145,0
DA:4314,1
DA:4333,2
DA:4334,2
DA:4335,2
DA:4336,2
DA:4337,2
DA:4340,1
DA:4341,1
DA:4343,0
DA:4344,0
DA:4347,1
DA:4349,2
DA:4352,1
DA:4354,1
DA:4355,3
DA:4356,2
DA:4359,1
DA:4360,1
DA:4365,0
DA:4366,0
DA:4367,0
DA:4368,0
DA:4369,0
DA:4370,0
DA:4372,1
DA:4373,1
DA:4375,0
DA:4376,0
DA:4379,1
DA:4380,1
DA:4382,0
DA:4383,0
DA:4384,0
DA:4387,1
DA:4388,1
DA:4390,0
DA:4391,0
DA:4394,0
DA:4395,0
DA:4396,0
DA:4397,0
DA:4398,0
DA:4399,0
DA:4400,0
DA:4401,0
DA:4402,0
DA:4403,0
DA:4404,0
DA:4405,0
DA:4406,0
DA:4407,0
DA:4409,1
DA:4411,1
DA:4413,1
DA:4415,1
DA:4416,2
DA:4417,2
DA:4418,2
DA:4419,2
DA:4420,2
DA:4478,1
DA:4486,2
DA:4487,2
DA:4490,1
DA:4492,1
DA:4495,2
DA:4498,1
DA:4499,2
DA:4501,1
DA:4502,1
DA:4504,1
DA:4505,2
DA:4508,1
DA:4509,1
DA:4511,0
DA:4512,0
DA:4515,0
DA:4516,0
DA:4517,0
DA:4518,0
DA:4519,0
DA:4520,0
DA:4521,0
DA:4523,1
DA:4525,1
DA:4527,1
DA:4529,2
DA:4530,2
DA:4594,1
DA:4600,2
DA:4601,2
DA:4604,1
DA:4605,2
DA:4607,1
DA:4609,1
DA:4610,1
DA:4612,2
DA:4615,1
DA:4616,1
DA:4618,1
DA:4619,2
DA:4622,1
DA:4623,1
DA:4625,1
DA:4626,2
DA:4629,0
DA:4630,0
DA:4631,0
DA:4632,0
DA:4633,0
DA:4635,1
DA:4636,1
DA:4638,1
DA:4640,2
DA:4641,2
DA:4667,0
DA:4670,0
DA:4673,0
DA:4674,0
DA:4676,0
DA:4677,0
DA:4679,0
DA:4680,0
DA:4683,0
DA:4684,0
DA:4686,0
DA:4689,0
DA:4691,0
DA:4693,0
DA:4695,0
DA:4697,0
DA:4699,0
DA:4702,0
DA:4704,0
DA:4736,0
DA:4740,0
DA:4743,0
DA:4744,0
DA:4746,0
DA:4747,0
DA:4749,0
DA:4750,0
DA:4751,0
DA:4752,0
DA:4754,0
DA:4756,0
DA:4759,0
DA:4817,1
DA:4822,2
DA:4825,0
DA:4826,0
DA:4828,0
DA:4829,0
DA:4831,0
DA:4832,0
DA:4834,0
DA:4835,0
DA:4838,0
DA:4839,0
DA:4840,0
DA:4841,0
DA:4842,0
DA:4844,1
DA:4845,1
DA:4847,1
DA:4849,1
DA:4915,0
DA:4917,0
DA:4918,0
DA:4919,0
DA:4920,0
DA:4921,0
DA:4922,0
DA:4923,0
DA:4925,0
DA:4927,0
DA:4929,0
DA:4931,0
DA:4933,0
DA:4941,0
DA:4945,0
DA:4971,1
DA:5030,1
DA:5037,2
DA:5040,0
DA:5041,0
DA:5043,0
DA:5045,0
DA:5048,0
DA:5049,0
DA:5051,0
DA:5052,0
DA:5054,0
DA:5055,0
DA:5057,0
DA:5058,0
DA:5061,0
DA:5062,0
DA:5063,0
DA:5064,0
DA:5065,0
DA:5067,1
DA:5068,1
DA:5070,1
DA:5072,1
DA:5073,2
DA:5109,1
DA:5114,2
DA:5117,0
DA:5118,0
DA:5120,0
DA:5121,0
DA:5124,0
DA:5125,0
DA:5126,0
DA:5132,0
DA:5135,0
DA:5136,0
DA:5137,0
DA:5138,0
DA:5139,0
DA:5141,1
DA:5143,1
DA:5145,0
DA:5148,0
DA:5151,0
DA:5156,0
DA:5157,0
DA:5158,0
DA:5160,0
DA:5163,0
DA:5167,1
DA:5169,1
DA:5225,1
DA:5232,2
DA:5233,2
DA:5236,1
DA:5237,2
DA:5239,0
DA:5242,1
DA:5243,2
DA:5245,1
DA:5246,1
DA:5248,0
DA:5249,0
DA:5252,1
DA:5254,1
DA:5255,1
DA:5257,2
DA:5260,0
DA:5261,0
DA:5263,0
DA:5264,0
DA:5266,0
DA:5267,0
DA:5269,1
DA:5270,2
DA:5272,1
DA:5273,2
DA:5275,1
DA:5276,1
DA:5278,0
DA:5279,0
DA:5282,0
DA:5285,0
DA:5286,0
DA:5287,0
DA:5288,0
DA:5289,0
DA:5291,1
DA:5293,1
DA:5295,1
DA:5297,2
DA:5298,2
DA:5333,1
DA:5338,1
DA:5339,1
DA:5342,1
DA:5343,1
DA:5406,0
DA:5416,0
DA:5417,0
DA:5420,0
DA:5421,0
DA:5423,0
DA:5424,0
DA:5426,0
DA:5427,0
DA:5430,0
DA:5431,0
DA:5433,0
DA:5434,0
DA:5437,0
DA:5438,0
DA:5440,0
DA:5441,0
DA:5442,0
DA:5443,0
DA:5444,0
DA:5445,0
DA:5446,0
DA:5447,0
DA:5448,0
DA:5450,0
DA:5451,0
DA:5453,0
DA:5455,0
DA:5456,0
DA:5478,0
DA:5481,0
DA:5484,0
DA:5485,0
DA:5487,0
DA:5488,0
DA:5490,0
DA:5491,0
DA:5493,0
DA:5496,0
DA:5498,0
DA:5499,0
DA:5501,0
DA:5503,0
DA:5541,1
DA:5546,1
DA:5547,1
DA:5549,1
DA:5550,1
DA:5552,0
DA:5554,0
DA:5556,1
DA:5557,1
DA:5559,1
DA:5561,1
DA:5564,1
DA:5594,1
DA:5598,1
DA:5599,1
DA:5601,1
DA:5602,1
DA:5604,0
DA:5606,0
DA:5608,1
DA:5609,1
DA:5611,0
DA:5613,0
DA:5615,1
DA:5640,0
DA:5644,0
DA:5645,0
DA:5647,0
DA:5648,0
DA:5650,0
DA:5651,0
DA:5653,0
DA:5655,0
DA:5657,0
DA:5658,0
DA:5660,0
DA:5696,0
DA:5701,0
DA:5702,0
DA:5703,0
DA:5706,0
DA:5708,0
DA:5710,0
DA:5711,0
DA:5713,0
DA:5714,0
DA:5715,0
DA:5716,0
DA:5717,0
DA:5719,0
DA:5721,0
DA:5724,0
DA:5726,0
DA:5727,0
DA:5728,0
DA:5769,1
DA:5775,2
DA:5778,1
DA:5779,2
DA:5781,1
DA:5782,1
DA:5784,0
DA:5785,0
DA:5786,0
DA:5787,0
DA:5789,1
DA:5791,1
DA:5793,1
DA:5795,1
DA:5796,1
DA:5889,1
DA:5905,2
DA:5906,2
DA:5907,2
DA:5908,2
DA:5909,2
DA:5912,1
DA:5913,1
DA:5915,1
DA:5916,1
DA:5918,1
DA:5919,1
DA:5921,1
DA:5922,1
DA:5924,0
DA:5925,0
DA:5928,1
DA:5929,1
DA:5931,1
DA:5932,1
DA:5934,0
DA:5935,0
DA:5938,1
DA:5939,1
DA:5941,0
DA:5942,0
DA:5945,0
DA:5947,0
DA:5948,0
DA:5949,0
DA:5950,0
DA:5951,0
DA:5952,0
DA:5953,0
DA:5954,0
DA:5955,0
DA:5956,0
DA:5957,0
DA:5959,1
DA:5960,1
DA:5962,1
DA:5964,1
DA:5965,1
DA:5966,1
DA:5967,1
DA:5968,2
DA:5969,2
DA:6000,1
DA:6010,1
DA:6012,1
DA:6015,0
DA:6016,0
DA:6018,0
DA:6019,0
DA:6020,0
DA:6021,0
DA:6022,0
DA:6023,0
DA:6024,0
DA:6026,1
DA:6027,1
DA:6029,1
DA:6031,2
DA:6032,1
DA:6033,2
DA:6146,1
DA:6153,2
DA:6156,0
DA:6158,0
DA:6161,0
DA:6164,1
DA:6166,1
DA:6169,2
DA:6172,1
DA:6173,1
DA:6175,0
DA:6176,0
DA:6179,1
DA:6180,4
DA:6182,1
DA:6183,1
DA:6185,1
DA:6186,4
DA:6188,0
DA:6189,0
DA:6190,0
DA:6191,0
DA:6192,0
DA:6193,0
DA:6194,0
DA:6196,1
DA:6198,1
DA:6200,1
DA:6202,1
DA:6204,1
DA:6206,2
DA:6223,1
DA:6226,1
DA:6227,1
DA:6228,1
DA:6229,1
DA:6230,1
DA:6231,1
DA:6232,1
DA:6233,1
DA:6235,1
DA:6236,0
DA:6237,1
DA:6239,1
DA:6242,1
DA:6243,0
DA:6246,1
DA:6249,1
DA:6251,1
DA:6252,1
DA:6254,1
DA:6255,3
DA:6256,1
DA:6267,0
DA:6270,1
DA:6272,1
DA:6273,1
DA:6274,1
DA:6275,1
DA:6276,0
DA:6277,0
DA:6279,1
DA:6281,1
DA:6282,2
DA:6283,1
DA:6284,1
DA:6288,0
DA:6289,0
DA:6290,0
DA:6292,0
DA:6296,0
DA:6297,0
DA:6299,0
DA:6304,1
DA:6307,1
DA:6310,2
DA:6351,1
DA:6355,2
DA:6358,0
DA:6359,0
DA:6361,0
DA:6363,0
DA:6366,0
DA:6369,1
DA:6370,1
DA:6372,0
DA:6373,0
DA:6376,0
DA:6378,0
DA:6380,0
DA:6381,0
DA:6382,0
DA:6383,0
DA:6385,1
DA:6386,1
DA:6388,1
DA:6390,2
DA:6419,1
DA:6423,2
DA:6426,0
DA:6427,0
DA:6429,0
DA:6430,0
DA:6432,1
DA:6433,1
DA:6435,0
DA:6436,0
DA:6439,0
DA:6440,0
DA:6441,0
DA:6442,0
DA:6444,1
DA:6445,1
DA:6447,1
DA:6449,2
DA:6531,1
DA:6545,2
DA:6546,2
DA:6547,2
DA:6550,1
DA:6551,1
DA:6553,1
DA:6554,1
DA:6556,0
DA:6557,0
DA:6560,1
DA:6561,1
DA:6563,1
DA:6564,1
DA:6566,1
DA:6567,1
DA:6569,0
DA:6570,0
DA:6573,0
DA:6574,0
DA:6575,0
DA:6576,0
DA:6577,0
DA:6578,0
DA:6579,0
DA:6580,0
DA:6581,0
DA:6582,0
DA:6584,1
DA:6586,1
DA:6588,1
DA:6590,1
DA:6591,2
DA:6592,2
DA:6593,2
DA:6669,0
DA:6677,0
DA:6678,0
DA:6679,0
DA:6682,0
DA:6683,0
DA:6685,0
DA:6686,0
DA:6689,0
DA:6690,0
DA:6692,0
DA:6693,0
DA:6695,0
DA:6697,0
DA:6698,0
DA:6699,0
DA:6702,0
DA:6705,0
DA:6706,0
DA:6708,0
DA:6709,0
DA:6712,0
DA:6713,0
DA:6714,0
DA:6715,0
DA:6716,0
DA:6717,0
DA:6719,0
DA:6721,0
DA:6724,0
DA:6726,0
DA:6729,0
DA:6731,0
DA:6732,0
DA:6733,0
DA:6811,1
DA:6825,2
DA:6826,2
DA:6827,2
DA:6828,2
DA:6831,1
DA:6832,1
DA:6834,1
DA:6835,1
DA:6837,0
DA:6838,0
DA:6839,0
DA:6840,0
DA:6841,0
DA:6842,0
DA:6843,0
DA:6844,0
DA:6845,0
DA:6846,0
DA:6847,0
DA:6848,0
DA:6850,1
DA:6852,1
DA:6855,1
DA:6857,1
DA:6858,2
DA:6859,2
DA:6860,1
DA:6861,2
DA:6942,1
DA:6953,2
DA:6956,0
DA:6959,0
DA:6960,0
DA:6962,1
DA:6963,1
DA:6965,0
DA:6966,0
DA:6969,1
DA:6971,3
DA:6972,3
DA:6973,2
DA:6976,1
DA:6977,1
DA:6979,0
DA:6980,0
DA:6981,0
DA:6982,0
DA:6983,0
DA:6985,1
DA:6986,1
DA:6988,1
DA:6990,1
DA:6991,2
DA:7078,1
DA:7094,2
DA:7095,2
DA:7096,2
DA:7099,1
DA:7101,1
DA:7102,1
DA:7103,0
DA:7104,1
DA:7106,1
DA:7108,1
DA:7110,1
DA:7111,0
DA:7113,1
DA:7116,1
DA:7118,3
DA:7121,0
DA:7122,0
DA:7124,0
DA:7125,0
DA:7127,0
DA:7128,0
DA:7130,1
DA:7131,1
DA:7133,1
DA:7134,1
DA:7136,0
DA:7137,0
DA:7140,1
DA:7141,1
DA:7143,0
DA:7144,0
DA:7147,1
DA:7148,1
DA:7150,0
DA:7151,0
DA:7154,0
DA:7155,0
DA:7156,0
DA:7157,0
DA:7158,0
DA:7159,0
DA:7160,0
DA:7161,0
DA:7162,0
DA:7164,1
DA:7166,1
DA:7168,1
DA:7170,1
DA:7171,1
DA:7172,1
DA:7173,1
DA:7196,1
DA:7200,2
DA:7203,0
DA:7204,0
DA:7206,0
DA:7207,0
DA:7209,0
DA:7210,0
DA:7212,0
DA:7213,0
DA:7216,0
DA:7217,0
DA:7218,0
DA:7219,0
DA:7221,1
DA:7223,2
DA:7244,1
DA:7249,2
DA:7252,0
DA:7253,0
DA:7255,0
DA:7256,0
DA:7258,0
DA:7259,0
DA:7262,0
DA:7263,0
DA:7264,0
DA:7265,0
DA:7267,1
DA:7269,1
DA:7271,1
DA:7273,2
DA:7274,1
DA:7295,0
DA:7300,0
DA:7303,0
DA:7304,0
DA:7306,0
DA:7307,0
DA:7309,0
DA:7310,0
DA:7313,0
DA:7314,0
DA:7315,0
DA:7316,0
DA:7318,0
DA:7320,0
DA:7322,0
DA:7324,0
DA:7325,0
DA:7362,0
DA:7369,0
DA:7370,0
DA:7373,0
DA:7375,0
DA:7376,0
DA:7378,0
DA:7383,0
DA:7384,0
DA:7385,0
DA:7390,0
DA:7391,0
DA:7393,0
DA:7394,0
DA:7395,0
DA:7396,0
DA:7397,0
DA:7398,0
DA:7400,0
DA:7402,0
DA:7404,0
DA:7406,0
DA:7407,0
DA:7408,0
DA:7453,1
DA:7462,2
DA:7463,2
DA:7466,0
DA:7467,0
DA:7469,0
DA:7470,0
DA:7472,0
DA:7473,0
DA:7476,0
DA:7477,0
DA:7479,0
DA:7480,0
DA:7482,0
DA:7483,0
DA:7486,0
DA:7487,0
DA:7488,0
DA:7489,0
DA:7490,0
DA:7491,0
DA:7492,0
DA:7493,0
DA:7495,1
DA:7496,1
DA:7498,0
DA:7501,0
DA:7502,0
DA:7505,1
DA:7507,2
DA:7508,2
DA:7613,1
DA:7614,2
DA:7616,0
DA:7617,0
DA:7619,0
DA:7620,0
DA:7622,0
DA:7623,0
DA:7625,1
DA:7626,2
DA:7628,1
DA:7629,2
DA:7631,0
DA:7632,0
DA:7634,0
DA:7635,0
DA:7746,1
DA:7753,2
DA:7756,1
DA:7757,1
DA:7759,1
DA:7760,1
DA:7762,0
DA:7764,0
DA:7765,0
DA:7766,0
DA:7767,0
DA:7772,1
DA:7773,1
DA:7775,0
DA:7778,0
DA:7779,0
DA:7780,0
DA:7781,0
DA:7782,0
DA:7783,0
DA:7784,0
DA:7787,0
DA:7790,0
DA:7791,0
DA:7794,1
DA:7795,1
DA:7797,1
DA:7799,2
DA:7841,1
DA:7847,2
DA:7848,2
DA:7851,0
DA:7852,0
DA:7854,0
DA:7855,0
DA:7857,0
DA:7858,0
DA:7861,0
DA:7862,0
DA:7864,0
DA:7865,0
DA:7867,0
DA:7868,0
DA:7869,0
DA:7870,0
DA:7871,0
DA:7872,0
DA:7874,1
DA:7876,2
DA:7877,2
DA:7901,1
DA:7908,2
DA:7911,0
DA:7912,0
DA:7914,0
DA:7915,0
DA:7917,0
DA:7918,0
DA:7919,0
DA:7922,0
DA:7923,0
DA:7924,0
DA:7925,0
DA:7927,1
DA:7929,1
DA:7931,1
DA:7933,2
DA:7934,1
DA:7959,0
DA:7966,0
DA:7969,0
DA:7970,0
DA:7972,0
DA:7973,0
DA:7975,0
DA:7976,0
DA:7979,0
DA:7980,0
DA:7981,0
DA:7982,0
DA:7984,0
DA:7986,0
DA:7988,0
DA:7990,0
DA:7991,0
DA:8015,0
DA:8022,0
DA:8025,0
DA:8026,0
DA:8028,0
DA:8029,0
DA:8030,0
DA:8031,0
DA:8033,0
DA:8034,0
DA:8036,0
DA:8038,0
DA:8039,0
DA:8098,1
DA:8107,2
DA:8108,2
DA:8111,0
DA:8112,0
DA:8114,0
DA:8115,0
DA:8117,0
DA:8118,0
DA:8121,0
DA:8122,0
DA:8124,0
DA:8125,0
DA:8127,0
DA:8128,0
DA:8131,0
DA:8132,0
DA:8133,0
DA:8134,0
DA:8135,0
DA:8136,0
DA:8137,0
DA:8138,0
DA:8140,1
DA:8141,1
DA:8143,1
DA:8145,2
DA:8146,2
DA:8200,1
DA:8204,1
DA:8208,1
DA:8213,0
DA:8218,0
DA:8221,0
DA:8223,0
DA:8224,0
DA:8226,0
DA:8315,1
DA:8326,2
DA:8327,2
DA:8330,1
DA:8331,2
DA:8333,1
DA:8335,1
DA:8336,1
DA:8337,2
DA:8338,0
DA:8339,0
DA:8342,1
DA:8343,1
DA:8345,0
DA:8346,0
DA:8349,1
DA:8350,2
DA:8352,1
DA:8353,2
DA:8355,1
DA:8356,1
DA:8358,0
DA:8359,0
DA:8362,0
DA:8363,0
DA:8364,0
DA:8365,0
DA:8366,0
DA:8367,0
DA:8368,0
DA:8369,0
DA:8371,1
DA:8372,1
DA:8374,1
DA:8376,1
DA:8377,2
DA:8378,2
DA:8395,1
DA:8398,2
DA:8401,0
DA:8402,0
DA:8404,0
DA:8405,0
DA:8407,1
DA:8408,1
DA:8410,0
DA:8411,0
DA:8414,0
DA:8416,0
DA:8418,1
DA:8420,1
DA:8422,1
DA:8424,2
DA:8475,1
DA:8482,2
DA:8483,2
DA:8484,2
DA:8487,1
DA:8489,1
DA:8490,0
DA:8491,1
DA:8492,1
DA:8494,0
DA:8497,1
DA:8498,1
DA:8500,0
DA:8501,0
DA:8504,1
DA:8506,2
DA:8509,1
DA:8510,1
DA:8512,0
DA:8513,0
DA:8516,0
DA:8519,1
DA:8520,1
DA:8522,0
DA:8523,0
DA:8526,0
DA:8527,0
DA:8528,0
DA:8529,0
DA:8530,0
DA:8532,1
DA:8533,1
DA:8535,1
DA:8537,1
DA:8540,1
DA:8542,2
[...]
DA:19,0
DA:20,0
DA:21,0
DA:22,0
DA:25,0
DA:26,0
DA:29,0
DA:30,0
DA:33,0
DA:34,0
DA:37,0
DA:38,0
DA:41,0
DA:42,0
DA:43,0
DA:44,0
DA:45,0
DA:49,0
DA:50,0
DA:53,0
DA:54,0
DA:57,0
DA:58,0
DA:59,0
DA:60,0
DA:64,0
DA:65,0
DA:66,0
DA:67,0
DA:71,0
DA:72,0
DA:75,0
DA:76,0
DA:79,0
DA:80,0
DA:83,0
DA:84,0
DA:85,0
DA:86,0
DA:89,0
DA:90,0
DA:91,0
DA:92,0
DA:95,0
DA:96,0
DA:97,0
DA:100,0
DA:101,0
DA:102,0
DA:105,0
DA:106,0
DA:107,0
DA:113,0
DA:115,0
DA:120,0
DA:121,0
DA:126,0
DA:127,0
DA:132,0
DA:136,0
DA:139,0
DA:140,0
DA:141,0
DA:147,0
DA:148,0
DA:152,0
DA:156,0
DA:160,0
DA:165,0
DA:166,0
DA:167,0
DA:169,0
DA:170,0
DA:171,0
DA:172,0
DA:174,0
DA:175,0
DA:176,0
DA:177,0
DA:178,0
DA:179,0
DA:180,0
DA:181,0
DA:183,0
DA:185,0
DA:187,0
DA:195,0
DA:196,0
DA:200,0
DA:201,0
DA:202,0
DA:203,0
DA:204,0
DA:205,0
DA:206,0
DA:207,0
DA:208,0
DA:209,0
DA:211,0
DA:212,0
DA:215,0
DA:216,0
DA:217,0
DA:218,0
DA:219,0
DA:220,0
DA:221,0
DA:226,0
DA:227,0
DA:233,0
DA:235,0
DA:236,0
DA:238,0
DA:239,0
DA:242,0
DA:243,0
DA:244,0
DA:247,0
DA:248,0
DA:249,0
DA:256,0
DA:261,0
DA:263,0
DA:264,0
DA:266,0
DA:270,0
DA:271,0
DA:272,0
DA:274,0
DA:275,0
DA:276,0
DA:279,0
DA:280,0
DA:283,0
DA:284,0
DA:293,0
DA:301,0
DA:302,0
DA:304,0
DA:305,0
DA:306,0
DA:307,0
DA:311,0
DA:312,0
DA:314,0
DA:317,0
DA:318,0
DA:319,0
DA:320,0
DA:332,0
DA:334,0
DA:337,0
DA:339,0
DA:340,0
DA:341,0
DA:342,0
DA:345,0
DA:346,0
DA:347,0
DA:350,0
DA:351,0
DA:352,0
DA:353,0
DA:355,0
DA:356,0
DA:359,0
DA:360,0
DA:361,0
DA:366,0
DA:369,0
DA:372,0
LF:171
LH:0
end_of_record
SF:/Users/scheglov/Source/Dart/sdk.git/sdk/pkg/analyzer/lib/src/error/doc_comment_verifier.dart
DA:15,0
DA:17,0
DA:19,0
DA:20,0
DA:21,0
DA:22,0
DA:24,0
DA:29,0
DA:30,0
DA:31,0
DA:35,0
DA:36,0
DA:38,0
DA:43,0
DA:44,0
DA:45,0
DA:47,0
DA:48,0
DA:53,0
DA:54,0
DA:55,0
DA:56,0
DA:58,0
DA:59,0
DA:60,0
DA:61,0
DA:63,0
DA:64,0
DA:65,0
DA:67,0
DA:68,0
DA:69,0
DA:70,0
DA:72,0
DA:74,0
DA:75,0
DA:76,0
DA:78,0
DA:79,0
DA:80,0
DA:81,0
DA:82,0
DA:84,0
DA:86,0
DA:87,0
DA:88,0
DA:93,0
DA:99,0
DA:100,0
DA:101,0
DA:102,0
DA:106,0
DA:110,0
DA:111,0
DA:112,0
DA:114,0
DA:115,0
DA:116,0
DA:122,0
DA:123,0
DA:125,0
DA:126,0
DA:127,0
DA:128,0
DA:130,0
DA:131,0
DA:133,0
DA:134,0
DA:135,0
DA:139,0
DA:140,0
DA:142,0
DA:143,0
DA:144,0
DA:146,0
DA:147,0
DA:148,0
DA:150,0
DA:151,0
DA:152,0
DA:153,0
DA:154,0
DA:162,0
LF:83
LH:0
end_of_record
SF:/Users/scheglov/Source/Dart/sdk.git/sdk/pkg/analyzer/lib/src/error/error_handler_verifier.dart
DA:42,0
DA:44,0
DA:50,0
DA:51,0
DA:56,0
DA:60,0
DA:64,0
DA:65,0
DA:66,0
DA:67,0
DA:73,0
DA:77,0
DA:78,0
DA:79,0
DA:80,0
DA:81,0
DA:85,0
DA:89,0
DA:92,0
DA:93,0
DA:94,0
DA:101,0
DA:102,0
DA:103,0
DA:104,0
DA:108,0
DA:112,0
DA:113,0
DA:114,0
DA:115,0
DA:122,0
DA:123,0
DA:124,0
DA:125,0
DA:126,0
DA:130,0
DA:134,0
DA:135,0
DA:136,0
DA:137,0
DA:144,0
DA:145,0
DA:146,0
DA:147,0
DA:151,0
DA:155,0
DA:156,0
DA:157,0
DA:158,0
DA:172,0
DA:175,0
DA:176,0
DA:179,0
DA:183,0
DA:184,0
DA:185,0
DA:187,0
DA:188,0
DA:189,0
DA:191,0
DA:192,0
DA:193,0
DA:196,0
DA:197,0
DA:198,0
DA:199,0
DA:201,0
DA:202,0
DA:203,0
DA:206,0
DA:207,0
DA:212,0
DA:213,0
DA:214,0
DA:215,0
DA:216,0
DA:218,0
DA:219,0
DA:221,0
DA:222,0
DA:226,0
DA:227,0
DA:228,0
DA:230,0
DA:231,0
DA:232,0
DA:233,0
DA:242,0
DA:244,0
DA:245,0
DA:248,0
DA:254,0
DA:255,0
DA:256,0
DA:257,0
DA:264,0
DA:266,0
DA:268,0
DA:269,0
DA:272,0
DA:278,0
DA:280,0
DA:281,0
LF:103
LH:0
end_of_record
SF:/Users/scheglov/Source/Dart/sdk.git/sdk/pkg/analyzer/lib/src/error/must_call_super_verifier.dart
DA:17,0
DA:19,0
DA:20,0
DA:23,0
DA:24,0
DA:29,0
DA:30,0
DA:31,0
DA:35,0
DA:36,0
DA:40,0
DA:42,0
DA:44,0
DA:45,0
DA:50,0
DA:52,0
DA:54,0
DA:57,0
DA:58,0
DA:60,0
DA:73,0
DA:76,0
DA:79,0
DA:80,0
DA:84,0
DA:86,0
DA:87,0
DA:88,0
DA:89,0
DA:91,0
DA:96,0
DA:97,0
DA:98,0
DA:99,0
DA:102,0
DA:103,0
DA:104,0
DA:105,0
DA:108,0
DA:114,0
DA:120,0
DA:121,0
DA:122,0
DA:124,0
DA:128,0
DA:132,0
DA:133,0
DA:140,0
DA:142,0
DA:143,0
DA:146,0
DA:147,0
DA:154,0
DA:157,0
DA:158,0
LF:55
LH:0
end_of_record
SF:/Users/scheglov/Source/Dart/sdk.git/sdk/pkg/analyzer/lib/src/error/null_safe_api_verifier.dart
DA:23,0
DA:27,0
DA:28,0
DA:30,0
DA:33,0
DA:34,0
DA:37,0
DA:38,0
DA:44,0
DA:45,0
DA:47,0
DA:48,0
DA:50,0
DA:52,0
DA:53,0
DA:54,0
DA:55,0
DA:56,0
DA:60,0
DA:65,0
DA:67,0
DA:68,0
DA:73,0
DA:76,0
DA:79,0
LF:25
LH:0
end_of_record
SF:/Users/scheglov/Source/Dart/sdk.git/sdk/pkg/analyzer/lib/src/utilities/extensions/element.dart
DA:10,1
DA:11,1
DA:12,1
DA:17,1
DA:18,1
DA:21,1
DA:22,1
LF:7
LH:7
end_of_record
SF:/Users/scheglov/Source/Dart/sdk.git/sdk/pkg/analyzer/lib/src/test_utilities/resource_provider_mixin.dart
DA:27,3
DA:29,0
DA:30,0
DA:31,0
DA:34,0
DA:35,0
DA:36,0
DA:39,0
DA:40,0
DA:41,0
DA:44,0
DA:45,0
DA:50,0
DA:53,0
DA:54,0
DA:57,1
DA:58,1
DA:59,2
DA:62,1
DA:63,1
DA:64,2
DA:67,1
DA:75,2
DA:76,1
DA:78,0
DA:79,0
DA:80,0
DA:83,1
DA:84,1
DA:85,1
DA:88,0
DA:90,0
DA:93,0
DA:94,0
DA:95,0
DA:98,0
DA:99,0
DA:100,0
DA:103,1
DA:104,1
DA:105,2
DA:108,0
DA:110,0
DA:111,0
DA:114,1
DA:115,1
DA:116,2
DA:119,1
DA:120,1
DA:125,1
DA:128,0
DA:129,0
DA:130,0
DA:133,1
DA:134,1
DA:135,3
DA:138,1
DA:139,2
LF:58
LH:27
end_of_record
SF:/Users/scheglov/Source/Dart/sdk.git/sdk/pkg/analyzer/lib/dart/sdk/build_sdk_summary.dart
DA:22,1
DA:27,1
DA:29,1
DA:34,0
DA:35,0
DA:36,0
DA:37,0
DA:39,0
DA:40,0
DA:42,0
DA:43,0
DA:44,0
DA:45,0
DA:50,2
DA:51,1
DA:52,1
DA:56,1
DA:57,2
DA:58,1
DA:60,1
DA:61,2
DA:63,1
DA:65,3
DA:66,1
DA:68,1
DA:69,2
DA:70,2
DA:71,1
DA:80,0
DA:86,0
LF:30
LH:18
end_of_record
SF:/Users/scheglov/Source/Dart/sdk.git/sdk/pkg/analyzer/lib/src/test_utilities/mock_sdk.dart
DA:13,4
DA:14,1
DA:80,1
DA:123,4
DA:124,1
DA:134,4
DA:135,1
DA:236,3
DA:238,1
DA:239,1
DA:270,3
DA:272,1
DA:273,1
DA:710,4
DA:711,1
DA:955,3
DA:957,1
DA:958,1
DA:1164,3
DA:1166,1
DA:1167,1
DA:1176,3
DA:1178,1
DA:1179,1
DA:1211,3
DA:1213,1
DA:1214,1
DA:1313,4
DA:1314,1
DA:1341,3
DA:1343,1
DA:1344,1
DA:1373,3
DA:1375,1
DA:1376,1
DA:1397,4
DA:1398,1
DA:1401,3
DA:1402,1
DA:1403,1
DA:1404,1
DA:1405,1
DA:1406,1
DA:1407,1
DA:1408,1
DA:1409,1
DA:1410,1
DA:1411,1
DA:1412,1
DA:1413,1
DA:1414,1
DA:1415,1
DA:1422,1
DA:1427,1
DA:1428,1
DA:1430,1
DA:1431,3
DA:1432,2
DA:1434,1
DA:1435,1
DA:1439,4
DA:1440,2
DA:1441,2
DA:1442,2
DA:1444,2
DA:1445,2
DA:1446,1
DA:1450,1
DA:1452,1
DA:1453,2
DA:1456,1
DA:1457,1
DA:1458,2
DA:1460,1
DA:1461,1
DA:1466,1
DA:1467,1
DA:1469,1
DA:1479,1
DA:1481,0
DA:1482,0
DA:1484,0
DA:1485,0
DA:1487,0
DA:1488,0
DA:1490,0
DA:1491,0
DA:1493,0
DA:1494,0
DA:1496,0
DA:1497,0
DA:1499,0
DA:1500,0
DA:1502,1
DA:1503,3
DA:1505,0
DA:1506,0
DA:1513,1
LF:98
LH:82
end_of_record
SF:/Users/scheglov/Source/Dart/sdk.git/sdk/pkg/analyzer/lib/src/test_utilities/find_element.dart
DA:14,0
DA:16,0
DA:18,0
DA:19,0
DA:21,0
DA:24,0
DA:25,0
DA:26,0
DA:28,0
DA:37,0
DA:40,0
DA:41,0
DA:44,0
DA:45,0
DA:46,0
DA:50,0
DA:53,0
DA:56,0
DA:57,0
DA:58,0
DA:62,0
DA:70,0
DA:73,0
DA:74,0
DA:75,0
DA:78,0
DA:81,0
DA:82,0
DA:84,0
DA:90,0
DA:91,0
DA:92,0
DA:97,0
DA:102,0
DA:105,0
DA:106,0
DA:107,0
DA:108,0
DA:110,0
DA:118,0
DA:123,0
DA:126,0
DA:127,0
DA:129,0
DA:135,0
DA:136,0
DA:137,0
DA:139,0
DA:140,0
DA:142,0
DA:143,0
DA:145,0
DA:146,0
DA:151,0
DA:156,0
DA:160,0
DA:161,0
DA:162,0
DA:164,0
DA:171,0
DA:172,0
DA:173,0
DA:177,0
DA:178,0
DA:179,0
DA:180,0
DA:181,0
DA:185,0
DA:186,0
DA:188,0
DA:189,0
DA:190,0
DA:191,0
DA:193,0
DA:194,0
DA:195,0
DA:198,0
DA:199,0
DA:200,0
DA:201,0
DA:205,0
DA:206,0
DA:208,0
DA:209,0
DA:217,0
DA:220,0
DA:223,0
DA:224,0
DA:225,0
DA:226,0
DA:227,0
DA:229,0
DA:239,0
DA:242,0
DA:243,0
DA:244,0
DA:247,0
DA:248,0
DA:249,0
DA:250,0
DA:254,0
DA:257,0
DA:260,0
DA:261,0
DA:262,0
DA:263,0
DA:265,0
DA:275,0
DA:283,0
DA:285,0
DA:287,0
DA:289,0
DA:291,0
DA:299,0
DA:305,0
DA:306,0
DA:307,0
DA:311,0
DA:314,0
DA:315,0
DA:316,0
DA:320,0
DA:321,0
DA:325,0
DA:328,0
DA:333,0
DA:334,0
DA:335,0
DA:337,0
DA:344,0
DA:345,0
DA:346,0
DA:350,0
DA:351,0
DA:352,0
DA:356,0
DA:357,0
DA:358,0
DA:365,0
DA:368,0
DA:369,0
DA:370,0
DA:374,0
DA:377,0
DA:378,0
DA:379,0
DA:383,0
DA:386,0
DA:387,0
DA:388,0
DA:392,0
DA:395,0
DA:396,0
DA:398,0
DA:399,0
DA:403,0
DA:404,0
DA:406,0
DA:407,0
DA:411,0
DA:412,0
DA:414,0
DA:415,0
DA:419,0
DA:420,0
DA:421,0
DA:425,0
DA:428,0
DA:431,0
DA:432,0
DA:433,0
DA:434,0
DA:436,0
DA:447,0
DA:450,0
DA:451,0
DA:453,0
DA:454,0
DA:458,0
DA:459,0
DA:460,0
DA:464,0
DA:467,0
DA:468,0
DA:471,0
DA:472,0
DA:475,0
DA:476,0
DA:477,0
DA:481,0
DA:484,0
DA:485,0
DA:486,0
DA:490,0
DA:493,0
DA:494,0
DA:496,0
DA:497,0
DA:501,0
DA:506,0
DA:507,0
DA:510,0
DA:511,0
DA:512,0
DA:513,0
DA:514,0
DA:517,0
DA:518,0
DA:519,0
DA:520,0
DA:522,0
DA:527,0
DA:528,0
DA:530,0
DA:536,0
DA:537,0
DA:538,0
DA:542,0
DA:545,0
DA:546,0
DA:547,0
DA:551,0
LF:222
LH:0
end_of_record
SF:/Users/scheglov/Source/Dart/sdk.git/sdk/pkg/analyzer/lib/src/test_utilities/find_node.dart
DA:15,0
DA:17,0
DA:18,0
DA:19,0
DA:20,0
DA:21,0
DA:27,0
DA:29,0
DA:31,0
DA:33,0
DA:35,0
DA:37,0
DA:39,0
DA:41,0
DA:43,0
DA:45,0
DA:47,0
DA:49,0
DA:51,0
DA:53,0
DA:54,0
DA:56,0
DA:58,0
DA:60,0
DA:62,0
DA:64,0
DA:66,0
DA:68,0
DA:70,0
DA:72,0
DA:74,0
DA:76,0
DA:78,0
DA:79,0
DA:81,0
DA:82,0
DA:84,0
DA:86,0
DA:87,0
DA:89,0
DA:91,0
DA:93,0
DA:95,0
DA:97,0
DA:99,0
DA:101,0
DA:103,0
DA:105,0
DA:107,0
DA:109,0
DA:110,0
DA:112,0
DA:114,0
DA:116,0
DA:118,0
DA:120,0
DA:122,0
DA:124,0
DA:126,0
DA:128,0
DA:130,0
DA:131,0
DA:133,0
DA:135,0
DA:137,0
DA:139,0
DA:141,0
DA:143,0
DA:144,0
DA:146,0
DA:147,0
DA:149,0
DA:151,0
DA:153,0
DA:155,0
DA:157,0
DA:159,0
DA:161,0
DA:163,0
DA:165,0
DA:167,0
DA:168,0
DA:170,0
DA:172,0
DA:174,0
DA:175,0
DA:177,0
DA:179,0
DA:181,0
DA:182,0
DA:185,0
DA:186,0
DA:189,0
DA:190,0
DA:193,0
DA:194,0
DA:197,0
DA:198,0
DA:201,0
DA:202,0
DA:205,0
DA:206,0
DA:209,0
DA:210,0
DA:213,0
DA:214,0
DA:217,0
DA:218,0
DA:221,0
DA:222,0
DA:225,0
DA:226,0
DA:229,0
DA:230,0
DA:231,0
DA:234,0
DA:235,0
DA:238,0
DA:239,0
DA:242,0
DA:243,0
DA:246,0
DA:247,0
DA:250,0
DA:251,0
DA:254,0
DA:255,0
DA:258,0
DA:259,0
DA:262,0
DA:263,0
DA:266,0
DA:267,0
DA:270,0
DA:271,0
DA:274,0
DA:275,0
DA:278,0
DA:279,0
DA:282,0
DA:283,0
DA:286,0
DA:287,0
DA:290,0
DA:291,0
DA:294,0
DA:295,0
DA:298,0
DA:299,0
DA:302,0
DA:303,0
DA:306,0
DA:307,0
DA:310,0
DA:311,0
DA:314,0
DA:315,0
DA:318,0
DA:319,0
DA:322,0
DA:323,0
DA:326,0
DA:327,0
DA:330,0
DA:331,0
DA:334,0
DA:335,0
DA:338,0
DA:339,0
DA:342,0
DA:343,0
DA:346,0
DA:347,0
DA:350,0
DA:351,0
DA:354,0
DA:355,0
DA:358,0
DA:359,0
DA:362,0
DA:363,0
DA:366,0
DA:367,0
DA:370,0
DA:371,0
DA:374,0
DA:375,0
DA:378,0
DA:379,0
DA:382,0
DA:383,0
DA:386,0
DA:387,0
DA:390,0
DA:391,0
DA:394,0
DA:395,0
DA:398,0
DA:399,0
DA:402,0
DA:403,0
DA:406,0
DA:407,0
DA:410,0
DA:411,0
DA:414,0
DA:415,0
DA:418,0
DA:419,0
DA:422,0
DA:425,0
DA:426,0
DA:430,0
DA:431,0
DA:434,0
DA:435,0
DA:438,0
DA:439,0
DA:442,0
DA:443,0
DA:446,0
DA:447,0
DA:450,0
DA:451,0
DA:454,0
DA:455,0
DA:458,0
DA:459,0
DA:462,0
DA:463,0
DA:466,0
DA:467,0
DA:470,0
DA:471,0
DA:474,0
DA:475,0
DA:478,0
DA:479,0
DA:482,0
DA:483,0
DA:486,0
DA:487,0
DA:490,0
DA:491,0
DA:494,0
DA:495,0
DA:498,0
DA:499,0
DA:502,0
DA:503,0
DA:506,0
DA:507,0
DA:510,0
DA:511,0
DA:514,0
DA:515,0
DA:518,0
DA:519,0
DA:522,0
DA:523,0
DA:526,0
DA:527,0
DA:530,0
DA:531,0
DA:534,0
DA:535,0
DA:538,0
DA:539,0
DA:542,0
DA:543,0
DA:546,0
DA:547,0
DA:550,0
DA:551,0
DA:554,0
DA:555,0
DA:558,0
DA:559,0
DA:562,0
DA:563,0
DA:566,0
DA:567,0
DA:570,0
DA:571,0
DA:574,0
DA:575,0
DA:578,0
DA:579,0
DA:582,0
DA:583,0
DA:586,0
DA:587,0
DA:590,0
DA:591,0
DA:594,0
DA:595,0
DA:598,0
DA:599,0
DA:602,0
DA:603,0
DA:606,0
DA:607,0
DA:610,0
DA:611,0
DA:614,0
DA:615,0
DA:618,0
DA:619,0
DA:622,0
DA:623,0
DA:626,0
DA:627,0
DA:632,0
DA:633,0
DA:634,0
DA:635,0
DA:637,0
DA:638,0
DA:643,0
DA:644,0
DA:647,0
DA:648,0
DA:651,0
DA:652,0
DA:655,0
DA:656,0
DA:659,0
DA:660,0
DA:663,0
DA:664,0
DA:667,0
DA:668,0
DA:671,0
DA:672,0
DA:675,0
DA:677,0
DA:680,0
DA:681,0
DA:684,0
DA:685,0
DA:688,0
DA:689,0
DA:692,0
DA:693,0
DA:696,0
DA:697,0
DA:700,0
DA:701,0
DA:704,0
DA:705,0
DA:708,0
DA:710,0
DA:713,0
DA:714,0
DA:717,0
DA:718,0
DA:721,0
DA:722,0
DA:725,0
DA:726,0
DA:729,0
DA:730,0
DA:733,0
DA:734,0
DA:737,0
DA:738,0
DA:741,0
DA:742,0
DA:745,0
DA:746,0
DA:749,0
DA:750,0
DA:753,0
DA:754,0
DA:757,0
DA:758,0
DA:761,0
DA:762,0
DA:765,0
DA:766,0
DA:769,0
DA:770,0
DA:773,0
DA:774,0
DA:777,0
DA:778,0
DA:781,0
DA:782,0
DA:785,0
DA:786,0
DA:789,0
DA:790,0
DA:793,0
DA:794,0
DA:797,0
DA:798,0
DA:801,0
DA:802,0
DA:805,0
DA:806,0
DA:809,0
DA:810,0
DA:813,0
DA:814,0
DA:817,0
DA:818,0
DA:819,0
DA:820,0
DA:821,0
DA:827,0
DA:830,0
DA:831,0
DA:834,0
DA:835,0
DA:838,0
DA:839,0
DA:842,0
DA:843,0
DA:846,0
DA:847,0
DA:850,0
DA:851,0
DA:854,0
DA:855,0
DA:858,0
DA:859,0
DA:862,0
DA:863,0
DA:866,0
DA:867,0
DA:870,0
DA:871,0
DA:874,0
DA:875,0
DA:878,0
DA:879,0
DA:882,0
DA:883,0
DA:886,0
DA:887,0
DA:895,0
DA:897,0
DA:899,0
DA:901,0
DA:902,0
DA:905,0
DA:907,0
DA:908,0
DA:915,0
DA:916,0
DA:917,0
DA:918,0
DA:926,0
DA:928,0
DA:929,0
DA:931,0
LF:456
LH:0
end_of_record
SF:/Users/scheglov/Source/Dart/sdk.git/sdk/pkg/analyzer/lib/src/test_utilities/function_ast_visitor.dart
DA:35,0
DA:60,0
DA:62,0
DA:63,0
DA:66,0
DA:68,0
DA:69,0
DA:72,0
DA:74,0
DA:75,0
DA:77,0
DA:80,0
DA:82,0
DA:83,0
DA:86,0
DA:88,0
DA:89,0
DA:91,0
DA:94,0
DA:96,0
DA:97,0
DA:99,0
DA:102,0
DA:104,0
DA:105,0
DA:107,0
DA:110,0
DA:112,0
DA:113,0
DA:114,0
DA:115,0
DA:117,0
DA:120,0
DA:122,0
DA:123,0
DA:126,0
DA:128,0
DA:129,0
DA:132,0
DA:134,0
DA:135,0
DA:138,0
DA:140,0
DA:141,0
DA:143,0
DA:146,0
DA:148,0
DA:149,0
DA:151,0
DA:154,0
DA:156,0
DA:157,0
DA:160,0
DA:162,0
DA:163,0
DA:166,0
DA:169,0
DA:170,0
DA:173,0
DA:175,0
DA:176,0
DA:178,0
DA:181,0
DA:183,0
DA:184,0
DA:187,0
DA:189,0
DA:190,0
DA:193,0
DA:195,0
DA:196,0
DA:199,0
DA:201,0
DA:202,0
DA:205,0
DA:207,0
DA:208,0
DA:210,0
LF:78
LH:0
end_of_record
SF:/Users/scheglov/Source/Dart/sdk.git/sdk/pkg/analyzer/lib/src/dart/micro/resolve_file.dart
DA:51,0
DA:57,0
DA:59,0
DA:61,0
DA:62,0
DA:65,0
DA:68,0
DA:69,0
DA:71,0
DA:72,0
DA:74,0
DA:77,0
DA:78,0
DA:83,0
DA:84,0
DA:99,0
DA:104,0
DA:106,0
DA:107,0
DA:120,0
DA:122,0
DA:124,0
DA:125,0
DA:126,0
DA:127,0
DA:134,0
DA:136,0
DA:138,0
DA:139,0
DA:141,0
DA:143,0
DA:145,0
DA:153,0
DA:201,0
DA:203,0
DA:219,0
DA:220,0
DA:225,0
DA:229,0
DA:230,0
DA:234,0
DA:235,0
DA:240,0
DA:242,0
DA:247,0
DA:249,0
DA:250,0
DA:255,0
DA:256,0
DA:257,0
DA:258,0
DA:263,0
DA:265,0
DA:266,0
DA:268,0
DA:270,0
DA:271,0
DA:272,0
DA:273,0
DA:274,0
DA:275,0
DA:276,0
DA:277,0
DA:280,0
DA:281,0
DA:282,0
DA:283,0
DA:284,0
DA:289,0
DA:291,0
DA:292,0
DA:293,0
DA:294,0
DA:295,0
DA:297,0
DA:298,0
DA:300,0
DA:301,0
DA:308,0
DA:312,0
DA:314,0
DA:316,0
DA:317,0
DA:321,0
DA:322,0
DA:324,0
DA:325,0
DA:326,0
DA:327,0
DA:330,0
DA:332,0
DA:333,0
DA:334,0
DA:335,0
DA:337,0
DA:341,0
DA:343,0
DA:345,0
DA:346,0
DA:347,0
DA:351,0
DA:352,0
DA:353,0
DA:354,0
DA:355,0
DA:356,0
DA:357,0
DA:358,0
DA:359,0
DA:365,0
DA:369,0
DA:370,0
DA:371,0
DA:377,0
DA:378,0
DA:381,0
DA:382,0
DA:388,0
DA:393,0
DA:394,0
DA:398,0
DA:401,0
DA:405,0
DA:407,0
DA:408,0
DA:411,0
DA:414,0
DA:418,0
DA:420,0
DA:421,0
DA:422,0
DA:425,0
DA:426,0
DA:432,0
DA:435,0
DA:439,0
DA:441,0
DA:447,0
DA:448,0
DA:470,0
DA:473,0
DA:475,0
DA:477,0
DA:481,0
DA:482,0
DA:485,0
DA:492,0
DA:495,0
DA:501,0
DA:502,0
DA:507,0
DA:508,0
DA:509,0
DA:510,0
DA:518,0
DA:519,0
DA:520,0
DA:521,0
DA:523,0
DA:524,0
DA:527,0
DA:531,0
DA:533,0
DA:535,0
DA:536,0
DA:540,0
DA:542,0
DA:543,0
DA:545,0
DA:546,0
DA:549,0
DA:550,0
DA:556,0
DA:562,0
DA:564,0
DA:566,0
DA:567,0
DA:571,0
DA:572,0
DA:574,0
DA:575,0
DA:577,0
DA:578,0
DA:584,0
DA:586,0
DA:587,0
DA:588,0
DA:590,0
DA:591,0
DA:592,0
DA:593,0
DA:594,0
DA:596,0
DA:599,0
DA:600,0
DA:608,0
DA:611,0
DA:612,0
DA:613,0
DA:614,0
DA:615,0
DA:617,0
DA:623,0
DA:627,0
DA:629,0
DA:631,0
DA:636,0
DA:637,0
DA:641,0
DA:642,0
DA:644,0
DA:645,0
DA:651,0
DA:655,0
DA:656,0
DA:657,0
DA:658,0
DA:659,0
DA:660,0
DA:662,0
DA:665,0
DA:666,0
DA:670,0
DA:671,0
DA:672,0
DA:673,0
DA:675,0
DA:676,0
DA:677,0
DA:679,0
DA:681,0
DA:682,0
DA:683,0
DA:684,0
DA:688,0
DA:706,0
DA:707,0
DA:708,0
DA:712,0
DA:713,0
DA:715,0
DA:716,0
DA:717,0
DA:718,0
DA:719,0
DA:720,0
DA:721,0
DA:722,0
DA:725,0
DA:726,0
DA:727,0
DA:728,0
DA:730,0
DA:731,0
DA:732,0
DA:733,0
DA:734,0
DA:736,0
DA:737,0
DA:738,0
DA:740,0
DA:741,0
DA:742,0
DA:743,0
DA:744,0
DA:748,0
DA:749,0
DA:750,0
DA:751,0
DA:753,0
DA:756,0
DA:758,0
DA:761,0
DA:762,0
DA:763,0
DA:765,0
DA:766,0
DA:767,0
DA:768,0
DA:769,0
DA:770,0
DA:772,0
DA:775,0
DA:776,0
DA:788,0
DA:794,0
DA:796,0
DA:797,0
DA:801,0
DA:802,0
DA:803,0
DA:808,0
DA:810,0
DA:811,0
DA:815,0
DA:816,0
DA:818,0
DA:822,0
DA:830,0
DA:831,0
DA:833,0
DA:834,0
DA:840,0
DA:843,0
DA:844,0
DA:849,0
DA:855,0
DA:857,0
DA:858,0
DA:859,0
DA:860,0
DA:861,0
DA:862,0
DA:863,0
DA:864,0
DA:865,0
DA:866,0
DA:867,0
DA:868,0
DA:870,0
DA:871,0
DA:876,0
DA:877,0
DA:878,0
DA:879,0
DA:880,0
DA:898,0
DA:899,0
DA:907,0
LF:329
LH:0
end_of_record
SF:/Users/scheglov/Source/Dart/sdk.git/sdk/pkg/analyzer/lib/src/dart/micro/analysis_context.dart
DA:23,0
DA:30,0
DA:32,0
DA:38,0
DA:47,0
DA:48,0
DA:50,0
DA:62,0
DA:68,0
DA:69,0
DA:78,0
DA:80,0
DA:82,0
DA:84,0
DA:87,0
DA:88,0
DA:109,0
DA:118,0
DA:121,0
DA:122,0
DA:124,0
DA:125,0
DA:142,0
DA:146,0
DA:148,0
DA:150,0
DA:152,0
DA:154,0
DA:155,0
DA:156,0
DA:160,0
DA:162,0
DA:165,0
DA:168,0
DA:170,0
DA:173,0
DA:175,0
DA:178,0
DA:179,0
DA:186,0
DA:188,0
DA:190,0
DA:193,0
DA:195,0
LF:44
LH:0
end_of_record
SF:/Users/scheglov/Source/Dart/sdk.git/sdk/pkg/analyzer/lib/src/dart/micro/utils.dart
DA:14,0
DA:18,0
DA:19,0
DA:21,0
DA:22,0
DA:24,0
DA:27,0
DA:28,0
DA:29,0
DA:30,0
DA:31,0
DA:33,0
DA:42,0
DA:45,0
DA:46,0
DA:47,0
DA:48,0
DA:49,0
DA:50,0
DA:52,0
DA:58,0
DA:71,0
DA:76,0
DA:79,0
DA:82,0
DA:84,0
DA:88,0
DA:92,0
DA:96,0
DA:100,0
DA:101,0
DA:108,0
DA:109,0
DA:112,0
DA:113,0
DA:116,0
DA:117,0
DA:118,0
DA:121,0
DA:122,0
DA:123,0
DA:124,0
DA:134,0
DA:136,0
DA:137,0
DA:138,0
DA:144,0
DA:146,0
DA:147,0
DA:149,0
DA:151,0
DA:152,0
DA:160,0
DA:161,0
DA:162,0
DA:171,0
DA:206,1
DA:208,0
DA:209,0
DA:216,0
DA:218,0
DA:220,0
DA:221,0
DA:223,0
DA:224,0
DA:225,0
DA:226,0
DA:227,0
DA:228,0
DA:229,0
DA:230,0
DA:231,0
DA:232,0
DA:233,0
DA:234,0
DA:235,0
DA:239,0
DA:240,0
DA:241,0
DA:242,0
DA:243,0
DA:244,0
DA:249,0
DA:251,0
DA:252,0
DA:253,0
DA:254,0
DA:255,0
DA:256,0
DA:257,0
DA:258,0
DA:261,0
DA:262,0
DA:266,0
DA:269,0
DA:270,0
DA:274,0
DA:276,0
DA:277,0
DA:278,0
DA:279,0
DA:280,0
DA:282,0
DA:283,0
DA:284,0
DA:287,0
DA:290,0
DA:292,0
DA:293,0
DA:297,0
DA:298,0
DA:300,0
DA:305,0
DA:306,0
DA:307,0
DA:309,0
DA:312,0
DA:313,0
DA:315,0
DA:316,0
DA:317,0
DA:321,0
DA:323,0
DA:324,0
DA:327,0
DA:329,0
DA:330,0
DA:332,0
DA:335,0
DA:338,0
DA:342,0
DA:344,0
DA:345,0
DA:346,0
DA:347,0
DA:348,0
DA:354,0
DA:355,0
DA:358,0
DA:361,0
DA:362,0
DA:363,0
DA:364,0
DA:365,0
DA:366,0
DA:368,0
DA:369,0
DA:374,0
DA:376,0
DA:379,0
DA:380,0
DA:381,0
DA:382,0
DA:383,0
DA:384,0
DA:393,0
DA:397,0
DA:399,0
DA:400,0
DA:401,0
DA:402,0
DA:403,0
DA:404,0
DA:406,0
DA:407,0
LF:165
LH:1
end_of_record
SF:/Users/scheglov/Source/Dart/sdk.git/sdk/pkg/analyzer/lib/src/dart/ast/element_locator.dart
DA:14,0
DA:17,0
DA:18,0
DA:24,0
DA:26,0
DA:29,0
DA:31,0
DA:34,0
DA:36,0
DA:39,0
DA:41,0
DA:44,0
DA:46,0
DA:49,0
DA:51,0
DA:54,0
DA:56,0
DA:59,0
DA:61,0
DA:64,0
DA:66,0
DA:67,0
DA:68,0
DA:69,0
DA:70,0
DA:76,0
DA:78,0
DA:81,0
DA:83,0
DA:86,0
DA:88,0
DA:91,0
DA:93,0
DA:96,0
DA:98,0
DA:101,0
DA:103,0
DA:106,0
DA:108,0
DA:111,0
DA:113,0
DA:116,0
DA:118,0
DA:121,0
DA:123,0
DA:126,0
DA:128,0
DA:131,0
DA:133,0
DA:136,0
DA:138,0
DA:139,0
DA:141,0
DA:142,0
DA:144,0
DA:147,0
DA:149,0
DA:151,0
DA:153,0
DA:154,0
DA:155,0
DA:157,0
DA:158,0
DA:160,0
DA:161,0
DA:162,0
DA:163,0
DA:164,0
DA:165,0
DA:167,0
DA:168,0
DA:171,0
DA:174,0
DA:176,0
DA:179,0
DA:181,0
DA:184,0
DA:186,0
DA:189,0
DA:191,0
DA:194,0
DA:196,0
DA:199,0
DA:201,0
DA:204,0
DA:206,0
DA:209,0
DA:211,0
DA:214,0
DA:216,0
DA:219,0
DA:221,0
DA:224,0
DA:226,0
DA:227,0
DA:228,0
DA:234,0
DA:236,0
DA:239,0
DA:241,0
DA:244,0
DA:246,0
DA:249,0
DA:252,0
DA:253,0
DA:256,0
DA:258,0
DA:261,0
DA:263,0
DA:264,0
DA:265,0
DA:266,0
DA:267,0
DA:268,0
DA:269,0
DA:270,0
DA:271,0
DA:277,0
DA:279,0
DA:282,0
DA:284,0
LF:121
LH:0
end_of_record
